<?xml version="1.0" encoding="UTF-8"?>
<TestRun id="eaf689af-ad5d-43cb-9322-acdc2c6ee43a" name="Storgaard@STORGAARD-PC 2012-09-06 15:06:42" runUser="Storgaard-Pc\Storgaard" xmlns="http://microsoft.com/schemas/VisualStudio/TeamTest/2010">
  <TestSettings name="Local" id="6696d6a2-e282-42e7-b4d6-155d970f221e">
    <Description>These are default test settings for a local test run.</Description>
    <Deployment enabled="false" runDeploymentRoot="Storgaard_STORGAARD-PC 2012-09-06 15_06_42">
      <DeploymentItem filename="C:\Users\Storgaard\Documents\GitHub\SIDI-MMUN\BDSA\AS.36\GoL\GoL\GoL\bin\Debug\GoL.exe" />
    </Deployment>
    <Execution>
      <TestTypeSpecific />
      <AgentRule name="Execution Agents">
      </AgentRule>
    </Execution>
  </TestSettings>
  <Times creation="2012-09-06T15:06:42.2995205+02:00" queuing="2012-09-06T15:06:43.3765821+02:00" start="2012-09-06T15:06:43.5735934+02:00" finish="2012-09-06T15:06:44.0386200+02:00" />
  <ResultSummary outcome="Failed">
    <Counters total="1" executed="1" error="0" failed="1" timeout="0" aborted="0" inconclusive="0" passedButRunAborted="0" notRunnable="0" notExecuted="0" disconnected="0" warning="0" passed="0" completed="0" inProgress="0" pending="0" />
  </ResultSummary>
  <TestDefinitions>
    <UnitTest name="GameOfLifeConstructorTest" storage="c:\users\storgaard\documents\github\sidi-mmun\bdsa\as.36\gol\gol\testgameoflife\bin\debug\testgameoflife.dll" id="c4a80c31-cb86-c872-347d-1caac65f0b8d">
      <Execution id="469f91e0-fa9d-473e-b567-334ca52c77c9" />
      <TestMethod codeBase="C:/Users/Storgaard/Documents/GitHub/SIDI-MMUN/BDSA/AS.36/GoL/GoL/TestGameOfLife/bin/Debug/TestGameOfLife.DLL" adapterTypeName="Microsoft.VisualStudio.TestTools.TestTypes.Unit.UnitTestAdapter, Microsoft.VisualStudio.QualityTools.Tips.UnitTest.Adapter, Version=10.0.0.0, Culture=neutral, PublicKeyToken=b03f5f7f11d50a3a" className="TestGameOfLife.GameOfLifeTest, TestGameOfLife, Version=1.0.0.0, Culture=neutral, PublicKeyToken=null" name="GameOfLifeConstructorTest" />
    </UnitTest>
  </TestDefinitions>
  <TestLists>
    <TestList name="Results Not in a List" id="8c84fa94-04c1-424b-9868-57a2d4851a1d" />
    <TestList name="All Loaded Results" id="19431567-8539-422a-85d7-44ee4e166bda" />
  </TestLists>
  <TestEntries>
    <TestEntry testId="c4a80c31-cb86-c872-347d-1caac65f0b8d" executionId="469f91e0-fa9d-473e-b567-334ca52c77c9" testListId="8c84fa94-04c1-424b-9868-57a2d4851a1d" />
  </TestEntries>
  <Results>
    <UnitTestResult executionId="469f91e0-fa9d-473e-b567-334ca52c77c9" testId="c4a80c31-cb86-c872-347d-1caac65f0b8d" testName="GameOfLifeConstructorTest" computerName="STORGAARD-PC" duration="00:00:00.0590056" startTime="2012-09-06T15:06:43.6395972+02:00" endTime="2012-09-06T15:06:43.9436146+02:00" testType="13cdc9d9-ddb5-4fa4-a97d-d965ccfc6d4b" outcome="Failed" testListId="8c84fa94-04c1-424b-9868-57a2d4851a1d" relativeResultsDirectory="469f91e0-fa9d-473e-b567-334ca52c77c9">
      <Output>
        <ErrorInfo>
          <Message>Assert.AreNotEqual failed. Expected any value except:&lt;5&gt;. Actual:&lt;5&gt;. Dimension 0 is not correct</Message>
          <StackTrace>   at TestGameOfLife.GameOfLifeTest.GameOfLifeConstructorTest() in C:\Users\Storgaard\Documents\GitHub\SIDI-MMUN\BDSA\AS.36\GoL\GoL\TestGameOfLife\GameOfLifeTest.cs:line 75
</StackTrace>
        </ErrorInfo>
      </Output>
    </UnitTestResult>
  </Results>
</TestRun>