<?xml version="1.0" encoding="UTF-8"?>
<TestRun id="477d474f-c340-416b-a9bc-c474e82663fc" name="Storgaard@STORGAARD-PC 2012-10-23 13:54:56" runUser="Storgaard-Pc\Storgaard" xmlns="http://microsoft.com/schemas/VisualStudio/TeamTest/2010">
  <TestSettings name="Local" id="79ddcb4f-5f1e-4982-94cd-961ceef6e47a">
    <Description>These are default test settings for a local test run.</Description>
    <Deployment enabled="false" runDeploymentRoot="Storgaard_STORGAARD-PC 2012-10-23 13_54_56">
      <DeploymentItem filename="C:\Users\Storgaard\Documents\Visual Studio 2010\Projects\Benchmarksystem\Benchmarksystem\bin\Debug\Benchmarksystem.exe" />
    </Deployment>
    <Execution>
      <TestTypeSpecific />
      <AgentRule name="Execution Agents">
      </AgentRule>
    </Execution>
  </TestSettings>
  <Times creation="2012-10-23T13:54:56.5512940+02:00" queuing="2012-10-23T13:54:56.6173006+02:00" start="2012-10-23T13:54:56.7273116+02:00" finish="2012-10-23T13:54:57.2593648+02:00" />
  <ResultSummary outcome="Completed">
    <Counters total="1" executed="1" passed="1" error="0" failed="0" timeout="0" aborted="0" inconclusive="0" passedButRunAborted="0" notRunnable="0" notExecuted="0" disconnected="0" warning="0" completed="0" inProgress="0" pending="0" />
  </ResultSummary>
  <TestDefinitions>
    <UnitTest name="TestCancel" storage="c:\users\storgaard\documents\visual studio 2010\projects\benchmarksystem\benchmarksystemtest\bin\debug\benchmarksystemtest.dll" id="0a598585-064f-0880-540e-8189966b3eb8">
      <Execution id="8e15faea-3460-4350-ab58-8dedb837806e" />
      <TestMethod codeBase="C:/Users/Storgaard/Documents/Visual Studio 2010/Projects/Benchmarksystem/BenchmarksystemTest/bin/Debug/BenchmarksystemTest.DLL" adapterTypeName="Microsoft.VisualStudio.TestTools.TestTypes.Unit.UnitTestAdapter, Microsoft.VisualStudio.QualityTools.Tips.UnitTest.Adapter, Version=10.0.0.0, Culture=neutral, PublicKeyToken=b03f5f7f11d50a3a" className="BenchmarksystemTest.BenchmarkSystemTest, BenchmarksystemTest, Version=1.0.0.0, Culture=neutral, PublicKeyToken=null" name="TestCancel" />
    </UnitTest>
  </TestDefinitions>
  <TestLists>
    <TestList name="Results Not in a List" id="8c84fa94-04c1-424b-9868-57a2d4851a1d" />
    <TestList name="All Loaded Results" id="19431567-8539-422a-85d7-44ee4e166bda" />
  </TestLists>
  <TestEntries>
    <TestEntry testId="0a598585-064f-0880-540e-8189966b3eb8" executionId="8e15faea-3460-4350-ab58-8dedb837806e" testListId="8c84fa94-04c1-424b-9868-57a2d4851a1d" />
  </TestEntries>
  <Results>
    <UnitTestResult executionId="8e15faea-3460-4350-ab58-8dedb837806e" testId="0a598585-064f-0880-540e-8189966b3eb8" testName="TestCancel" computerName="STORGAARD-PC" duration="00:00:00.0288125" startTime="2012-10-23T13:54:56.8773266+02:00" endTime="2012-10-23T13:54:57.1603549+02:00" testType="13cdc9d9-ddb5-4fa4-a97d-d965ccfc6d4b" outcome="Passed" testListId="8c84fa94-04c1-424b-9868-57a2d4851a1d" relativeResultsDirectory="8e15faea-3460-4350-ab58-8dedb837806e">
    </UnitTestResult>
  </Results>
</TestRun>