<?xml version="1.0" encoding="UTF-8"?>
<TestRun id="20f61917-08c8-46d7-84a3-0769cacda972" name="Storgaard@STORGAARD-PC 2012-10-23 13:51:46" runUser="Storgaard-Pc\Storgaard" xmlns="http://microsoft.com/schemas/VisualStudio/TeamTest/2010">
  <TestSettings name="Local" id="79ddcb4f-5f1e-4982-94cd-961ceef6e47a">
    <Description>These are default test settings for a local test run.</Description>
    <Deployment enabled="false" runDeploymentRoot="Storgaard_STORGAARD-PC 2012-10-23 13_51_46">
      <DeploymentItem filename="C:\Users\Storgaard\Documents\Visual Studio 2010\Projects\Benchmarksystem\Benchmarksystem\bin\Debug\Benchmarksystem.exe" />
    </Deployment>
    <Execution>
      <TestTypeSpecific />
      <AgentRule name="Execution Agents">
      </AgentRule>
    </Execution>
  </TestSettings>
  <Times creation="2012-10-23T13:51:46.7944628+02:00" queuing="2012-10-23T13:51:47.9054628+02:00" start="2012-10-23T13:51:48.1484628+02:00" finish="2012-10-23T13:52:50.6467048+02:00" />
  <ResultSummary outcome="Aborted">
    <Counters total="11" executed="1" error="0" failed="0" timeout="0" aborted="1" inconclusive="0" passedButRunAborted="0" notRunnable="0" notExecuted="10" disconnected="0" warning="0" passed="0" completed="0" inProgress="0" pending="0" />
  </ResultSummary>
  <TestDefinitions>
    <UnitTest name="TestAddJob" storage="c:\users\storgaard\documents\visual studio 2010\projects\benchmarksystem\benchmarksystemtest\bin\debug\benchmarksystemtest.dll" id="a4176c92-f7b1-fb4f-c035-d52489f193ab">
      <Execution id="ab92a92f-67df-491e-8547-4622d9726784" />
      <TestMethod codeBase="C:/Users/Storgaard/Documents/Visual Studio 2010/Projects/Benchmarksystem/BenchmarksystemTest/bin/Debug/BenchmarksystemTest.DLL" adapterTypeName="Microsoft.VisualStudio.TestTools.TestTypes.Unit.UnitTestAdapter, Microsoft.VisualStudio.QualityTools.Tips.UnitTest.Adapter, Version=10.0.0.0, Culture=neutral, PublicKeyToken=b03f5f7f11d50a3a" className="BenchmarksystemTest.SchedulerTest, BenchmarksystemTest, Version=1.0.0.0, Culture=neutral, PublicKeyToken=null" name="TestAddJob" />
    </UnitTest>
    <UnitTest name="TestSubmit" storage="c:\users\storgaard\documents\visual studio 2010\projects\benchmarksystem\benchmarksystemtest\bin\debug\benchmarksystemtest.dll" id="5f40784a-16a3-593c-c356-b1d36e5bbc7f">
      <Execution id="85ea3b39-f42b-4ee5-abd7-9c8ecce22756" />
      <TestMethod codeBase="C:/Users/Storgaard/Documents/Visual Studio 2010/Projects/Benchmarksystem/BenchmarksystemTest/bin/Debug/BenchmarksystemTest.DLL" adapterTypeName="Microsoft.VisualStudio.TestTools.TestTypes.Unit.UnitTestAdapter, Microsoft.VisualStudio.QualityTools.Tips.UnitTest.Adapter, Version=10.0.0.0, Culture=neutral, PublicKeyToken=b03f5f7f11d50a3a" className="BenchmarksystemTest.BenchmarkSystemTest, BenchmarksystemTest, Version=1.0.0.0, Culture=neutral, PublicKeyToken=null" name="TestSubmit" />
    </UnitTest>
    <UnitTest name="TestPopJob" storage="c:\users\storgaard\documents\visual studio 2010\projects\benchmarksystem\benchmarksystemtest\bin\debug\benchmarksystemtest.dll" id="567cedf6-d1c3-e450-f042-1975452b20da">
      <Execution id="a5d9a78f-62ac-4006-baae-9984d706547c" />
      <TestMethod codeBase="C:/Users/Storgaard/Documents/Visual Studio 2010/Projects/Benchmarksystem/BenchmarksystemTest/bin/Debug/BenchmarksystemTest.DLL" adapterTypeName="Microsoft.VisualStudio.TestTools.TestTypes.Unit.UnitTestAdapter, Microsoft.VisualStudio.QualityTools.Tips.UnitTest.Adapter, Version=10.0.0.0, Culture=neutral, PublicKeyToken=b03f5f7f11d50a3a" className="BenchmarksystemTest.SchedulerTest, BenchmarksystemTest, Version=1.0.0.0, Culture=neutral, PublicKeyToken=null" name="TestPopJob" />
    </UnitTest>
    <UnitTest name="TestSelectAllUsers" storage="c:\users\storgaard\documents\visual studio 2010\projects\benchmarksystem\benchmarksystemtest\bin\debug\benchmarksystemtest.dll" id="e0d20fc8-8a55-76a1-f806-0e2a519b27f0">
      <Execution id="dba2112b-7553-467b-a561-b41c3a50275b" />
      <TestMethod codeBase="C:/Users/Storgaard/Documents/Visual Studio 2010/Projects/Benchmarksystem/BenchmarksystemTest/bin/Debug/BenchmarksystemTest.DLL" adapterTypeName="Microsoft.VisualStudio.TestTools.TestTypes.Unit.UnitTestAdapter, Microsoft.VisualStudio.QualityTools.Tips.UnitTest.Adapter, Version=10.0.0.0, Culture=neutral, PublicKeyToken=b03f5f7f11d50a3a" className="BenchmarksystemTest.DatabaseModuleTest, BenchmarksystemTest, Version=1.0.0.0, Culture=neutral, PublicKeyToken=null" name="TestSelectAllUsers" />
    </UnitTest>
    <UnitTest name="TestExecuteAll" storage="c:\users\storgaard\documents\visual studio 2010\projects\benchmarksystem\benchmarksystemtest\bin\debug\benchmarksystemtest.dll" id="06408ba5-863b-a87b-be04-a4100a9a4f54">
      <Execution id="c5011beb-e4d2-4b73-9b5d-c6de26fc4c33" />
      <TestMethod codeBase="C:/Users/Storgaard/Documents/Visual Studio 2010/Projects/Benchmarksystem/BenchmarksystemTest/bin/Debug/BenchmarksystemTest.DLL" adapterTypeName="Microsoft.VisualStudio.TestTools.TestTypes.Unit.UnitTestAdapter, Microsoft.VisualStudio.QualityTools.Tips.UnitTest.Adapter, Version=10.0.0.0, Culture=neutral, PublicKeyToken=b03f5f7f11d50a3a" className="BenchmarksystemTest.BenchmarkSystemTest, BenchmarksystemTest, Version=1.0.0.0, Culture=neutral, PublicKeyToken=null" name="TestExecuteAll" />
    </UnitTest>
    <UnitTest name="TestCancel" storage="c:\users\storgaard\documents\visual studio 2010\projects\benchmarksystem\benchmarksystemtest\bin\debug\benchmarksystemtest.dll" id="0a598585-064f-0880-540e-8189966b3eb8">
      <Execution id="7e783006-8c0c-45b9-b4dc-9ac3cd82e023" />
      <TestMethod codeBase="C:/Users/Storgaard/Documents/Visual Studio 2010/Projects/Benchmarksystem/BenchmarksystemTest/bin/Debug/BenchmarksystemTest.DLL" adapterTypeName="Microsoft.VisualStudio.TestTools.TestTypes.Unit.UnitTestAdapter, Microsoft.VisualStudio.QualityTools.Tips.UnitTest.Adapter, Version=10.0.0.0, Culture=neutral, PublicKeyToken=b03f5f7f11d50a3a" className="BenchmarksystemTest.BenchmarkSystemTest, BenchmarksystemTest, Version=1.0.0.0, Culture=neutral, PublicKeyToken=null" name="TestCancel" />
    </UnitTest>
    <UnitTest name="TestSelectJobStatuses" storage="c:\users\storgaard\documents\visual studio 2010\projects\benchmarksystem\benchmarksystemtest\bin\debug\benchmarksystemtest.dll" id="b6032d0d-38ca-bc28-c8fd-d9c84c68e19f">
      <Execution id="ecf68b07-c623-40ac-ac43-ef85d42377c1" />
      <TestMethod codeBase="C:/Users/Storgaard/Documents/Visual Studio 2010/Projects/Benchmarksystem/BenchmarksystemTest/bin/Debug/BenchmarksystemTest.DLL" adapterTypeName="Microsoft.VisualStudio.TestTools.TestTypes.Unit.UnitTestAdapter, Microsoft.VisualStudio.QualityTools.Tips.UnitTest.Adapter, Version=10.0.0.0, Culture=neutral, PublicKeyToken=b03f5f7f11d50a3a" className="BenchmarksystemTest.DatabaseModuleTest, BenchmarksystemTest, Version=1.0.0.0, Culture=neutral, PublicKeyToken=null" name="TestSelectJobStatuses" />
    </UnitTest>
    <UnitTest name="TestRemoveJob" storage="c:\users\storgaard\documents\visual studio 2010\projects\benchmarksystem\benchmarksystemtest\bin\debug\benchmarksystemtest.dll" id="c6a249ef-8f45-0797-90a6-d64839fd07aa">
      <Execution id="4a30ba19-a8a7-406a-bf8e-be7b54e40e65" />
      <TestMethod codeBase="C:/Users/Storgaard/Documents/Visual Studio 2010/Projects/Benchmarksystem/BenchmarksystemTest/bin/Debug/BenchmarksystemTest.DLL" adapterTypeName="Microsoft.VisualStudio.TestTools.TestTypes.Unit.UnitTestAdapter, Microsoft.VisualStudio.QualityTools.Tips.UnitTest.Adapter, Version=10.0.0.0, Culture=neutral, PublicKeyToken=b03f5f7f11d50a3a" className="BenchmarksystemTest.SchedulerTest, BenchmarksystemTest, Version=1.0.0.0, Culture=neutral, PublicKeyToken=null" name="TestRemoveJob" />
    </UnitTest>
    <UnitTest name="TestRemove" storage="c:\users\storgaard\documents\visual studio 2010\projects\benchmarksystem\benchmarksystemtest\bin\debug\benchmarksystemtest.dll" id="35464fd2-fc17-55f8-bfd3-42c06b04be3d">
      <Execution id="a3184668-f93e-46bb-92a8-4e1ad6b7ae0d" />
      <TestMethod codeBase="C:/Users/Storgaard/Documents/Visual Studio 2010/Projects/Benchmarksystem/BenchmarksystemTest/bin/Debug/BenchmarksystemTest.DLL" adapterTypeName="Microsoft.VisualStudio.TestTools.TestTypes.Unit.UnitTestAdapter, Microsoft.VisualStudio.QualityTools.Tips.UnitTest.Adapter, Version=10.0.0.0, Culture=neutral, PublicKeyToken=b03f5f7f11d50a3a" className="BenchmarksystemTest.QueueExtensionsTest, BenchmarksystemTest, Version=1.0.0.0, Culture=neutral, PublicKeyToken=null" name="TestRemove" />
    </UnitTest>
    <UnitTest name="TestSelectAllJobs" storage="c:\users\storgaard\documents\visual studio 2010\projects\benchmarksystem\benchmarksystemtest\bin\debug\benchmarksystemtest.dll" id="2e7d97e7-fa33-0ab4-a823-d2979082e310">
      <Execution id="ace2e5f7-7b19-4b42-9a12-4b933e955f7d" />
      <TestMethod codeBase="C:/Users/Storgaard/Documents/Visual Studio 2010/Projects/Benchmarksystem/BenchmarksystemTest/bin/Debug/BenchmarksystemTest.DLL" adapterTypeName="Microsoft.VisualStudio.TestTools.TestTypes.Unit.UnitTestAdapter, Microsoft.VisualStudio.QualityTools.Tips.UnitTest.Adapter, Version=10.0.0.0, Culture=neutral, PublicKeyToken=b03f5f7f11d50a3a" className="BenchmarksystemTest.DatabaseModuleTest, BenchmarksystemTest, Version=1.0.0.0, Culture=neutral, PublicKeyToken=null" name="TestSelectAllJobs" />
    </UnitTest>
    <UnitTest name="TestJob" storage="c:\users\storgaard\documents\visual studio 2010\projects\benchmarksystem\benchmarksystemtest\bin\debug\benchmarksystemtest.dll" id="ed6ae572-8ca8-ebfe-2aa4-c4d596c4d17c">
      <Execution id="cf396aff-d7a8-442d-bd11-6150f8d75675" />
      <TestMethod codeBase="C:/Users/Storgaard/Documents/Visual Studio 2010/Projects/Benchmarksystem/BenchmarksystemTest/bin/Debug/BenchmarksystemTest.DLL" adapterTypeName="Microsoft.VisualStudio.TestTools.TestTypes.Unit.UnitTestAdapter, Microsoft.VisualStudio.QualityTools.Tips.UnitTest.Adapter, Version=10.0.0.0, Culture=neutral, PublicKeyToken=b03f5f7f11d50a3a" className="BenchmarksystemTest.JobTest, BenchmarksystemTest, Version=1.0.0.0, Culture=neutral, PublicKeyToken=null" name="TestJob" />
    </UnitTest>
  </TestDefinitions>
  <TestLists>
    <TestList name="Results Not in a List" id="8c84fa94-04c1-424b-9868-57a2d4851a1d" />
    <TestList name="All Loaded Results" id="19431567-8539-422a-85d7-44ee4e166bda" />
  </TestLists>
  <TestEntries>
    <TestEntry testId="06408ba5-863b-a87b-be04-a4100a9a4f54" executionId="c5011beb-e4d2-4b73-9b5d-c6de26fc4c33" testListId="8c84fa94-04c1-424b-9868-57a2d4851a1d" />
    <TestEntry testId="0a598585-064f-0880-540e-8189966b3eb8" executionId="7e783006-8c0c-45b9-b4dc-9ac3cd82e023" testListId="8c84fa94-04c1-424b-9868-57a2d4851a1d" />
    <TestEntry testId="2e7d97e7-fa33-0ab4-a823-d2979082e310" executionId="ace2e5f7-7b19-4b42-9a12-4b933e955f7d" testListId="8c84fa94-04c1-424b-9868-57a2d4851a1d" />
    <TestEntry testId="35464fd2-fc17-55f8-bfd3-42c06b04be3d" executionId="a3184668-f93e-46bb-92a8-4e1ad6b7ae0d" testListId="8c84fa94-04c1-424b-9868-57a2d4851a1d" />
    <TestEntry testId="567cedf6-d1c3-e450-f042-1975452b20da" executionId="a5d9a78f-62ac-4006-baae-9984d706547c" testListId="8c84fa94-04c1-424b-9868-57a2d4851a1d" />
    <TestEntry testId="5f40784a-16a3-593c-c356-b1d36e5bbc7f" executionId="85ea3b39-f42b-4ee5-abd7-9c8ecce22756" testListId="8c84fa94-04c1-424b-9868-57a2d4851a1d" />
    <TestEntry testId="a4176c92-f7b1-fb4f-c035-d52489f193ab" executionId="ab92a92f-67df-491e-8547-4622d9726784" testListId="8c84fa94-04c1-424b-9868-57a2d4851a1d" />
    <TestEntry testId="b6032d0d-38ca-bc28-c8fd-d9c84c68e19f" executionId="ecf68b07-c623-40ac-ac43-ef85d42377c1" testListId="8c84fa94-04c1-424b-9868-57a2d4851a1d" />
    <TestEntry testId="c6a249ef-8f45-0797-90a6-d64839fd07aa" executionId="4a30ba19-a8a7-406a-bf8e-be7b54e40e65" testListId="8c84fa94-04c1-424b-9868-57a2d4851a1d" />
    <TestEntry testId="e0d20fc8-8a55-76a1-f806-0e2a519b27f0" executionId="dba2112b-7553-467b-a561-b41c3a50275b" testListId="8c84fa94-04c1-424b-9868-57a2d4851a1d" />
    <TestEntry testId="ed6ae572-8ca8-ebfe-2aa4-c4d596c4d17c" executionId="cf396aff-d7a8-442d-bd11-6150f8d75675" testListId="8c84fa94-04c1-424b-9868-57a2d4851a1d" />
  </TestEntries>
  <Results>
    <UnitTestResult executionId="c5011beb-e4d2-4b73-9b5d-c6de26fc4c33" testId="06408ba5-863b-a87b-be04-a4100a9a4f54" testName="TestExecuteAll" computerName="STORGAARD-PC" duration="00:00:56.2740000" startTime="2012-10-23T13:51:48.2184628+02:00" endTime="2012-10-23T13:52:44.4924628+02:00" testType="13cdc9d9-ddb5-4fa4-a97d-d965ccfc6d4b" outcome="Aborted" testListId="8c84fa94-04c1-424b-9868-57a2d4851a1d" relativeResultsDirectory="c5011beb-e4d2-4b73-9b5d-c6de26fc4c33">
      <Output>
        <StdOut>running ID:  1 Job: 4 Free:26 Wait:0
   running ID:  2 Job: 4 Free:22 Wait:0
   running ID:  3 Job: 1 Free:21 Wait:0
   running ID:  4 Job: 6 Free:15 Wait:0</StdOut>
        <ErrorInfo>
          <Message>User aborted test run.</Message>
        </ErrorInfo>
      </Output>
    </UnitTestResult>
    <UnitTestResult executionId="7e783006-8c0c-45b9-b4dc-9ac3cd82e023" testId="0a598585-064f-0880-540e-8189966b3eb8" testName="TestCancel" computerName="STORGAARD-PC" testType="13cdc9d9-ddb5-4fa4-a97d-d965ccfc6d4b" outcome="NotExecuted" testListId="8c84fa94-04c1-424b-9868-57a2d4851a1d" relativeResultsDirectory="7e783006-8c0c-45b9-b4dc-9ac3cd82e023">
    </UnitTestResult>
    <UnitTestResult executionId="ace2e5f7-7b19-4b42-9a12-4b933e955f7d" testId="2e7d97e7-fa33-0ab4-a823-d2979082e310" testName="TestSelectAllJobs" computerName="STORGAARD-PC" testType="13cdc9d9-ddb5-4fa4-a97d-d965ccfc6d4b" outcome="NotExecuted" testListId="8c84fa94-04c1-424b-9868-57a2d4851a1d" relativeResultsDirectory="ace2e5f7-7b19-4b42-9a12-4b933e955f7d">
    </UnitTestResult>
    <UnitTestResult executionId="a3184668-f93e-46bb-92a8-4e1ad6b7ae0d" testId="35464fd2-fc17-55f8-bfd3-42c06b04be3d" testName="TestRemove" computerName="STORGAARD-PC" testType="13cdc9d9-ddb5-4fa4-a97d-d965ccfc6d4b" outcome="NotExecuted" testListId="8c84fa94-04c1-424b-9868-57a2d4851a1d" relativeResultsDirectory="a3184668-f93e-46bb-92a8-4e1ad6b7ae0d">
    </UnitTestResult>
    <UnitTestResult executionId="a5d9a78f-62ac-4006-baae-9984d706547c" testId="567cedf6-d1c3-e450-f042-1975452b20da" testName="TestPopJob" computerName="STORGAARD-PC" testType="13cdc9d9-ddb5-4fa4-a97d-d965ccfc6d4b" outcome="NotExecuted" testListId="8c84fa94-04c1-424b-9868-57a2d4851a1d" relativeResultsDirectory="a5d9a78f-62ac-4006-baae-9984d706547c">
    </UnitTestResult>
    <UnitTestResult executionId="85ea3b39-f42b-4ee5-abd7-9c8ecce22756" testId="5f40784a-16a3-593c-c356-b1d36e5bbc7f" testName="TestSubmit" computerName="STORGAARD-PC" testType="13cdc9d9-ddb5-4fa4-a97d-d965ccfc6d4b" outcome="NotExecuted" testListId="8c84fa94-04c1-424b-9868-57a2d4851a1d" relativeResultsDirectory="85ea3b39-f42b-4ee5-abd7-9c8ecce22756">
    </UnitTestResult>
    <UnitTestResult executionId="ab92a92f-67df-491e-8547-4622d9726784" testId="a4176c92-f7b1-fb4f-c035-d52489f193ab" testName="TestAddJob" computerName="STORGAARD-PC" testType="13cdc9d9-ddb5-4fa4-a97d-d965ccfc6d4b" outcome="NotExecuted" testListId="8c84fa94-04c1-424b-9868-57a2d4851a1d" relativeResultsDirectory="ab92a92f-67df-491e-8547-4622d9726784">
    </UnitTestResult>
    <UnitTestResult executionId="ecf68b07-c623-40ac-ac43-ef85d42377c1" testId="b6032d0d-38ca-bc28-c8fd-d9c84c68e19f" testName="TestSelectJobStatuses" computerName="STORGAARD-PC" testType="13cdc9d9-ddb5-4fa4-a97d-d965ccfc6d4b" outcome="NotExecuted" testListId="8c84fa94-04c1-424b-9868-57a2d4851a1d" relativeResultsDirectory="ecf68b07-c623-40ac-ac43-ef85d42377c1">
    </UnitTestResult>
    <UnitTestResult executionId="4a30ba19-a8a7-406a-bf8e-be7b54e40e65" testId="c6a249ef-8f45-0797-90a6-d64839fd07aa" testName="TestRemoveJob" computerName="STORGAARD-PC" testType="13cdc9d9-ddb5-4fa4-a97d-d965ccfc6d4b" outcome="NotExecuted" testListId="8c84fa94-04c1-424b-9868-57a2d4851a1d" relativeResultsDirectory="4a30ba19-a8a7-406a-bf8e-be7b54e40e65">
    </UnitTestResult>
    <UnitTestResult executionId="dba2112b-7553-467b-a561-b41c3a50275b" testId="e0d20fc8-8a55-76a1-f806-0e2a519b27f0" testName="TestSelectAllUsers" computerName="STORGAARD-PC" testType="13cdc9d9-ddb5-4fa4-a97d-d965ccfc6d4b" outcome="NotExecuted" testListId="8c84fa94-04c1-424b-9868-57a2d4851a1d" relativeResultsDirectory="dba2112b-7553-467b-a561-b41c3a50275b">
    </UnitTestResult>
    <UnitTestResult executionId="cf396aff-d7a8-442d-bd11-6150f8d75675" testId="ed6ae572-8ca8-ebfe-2aa4-c4d596c4d17c" testName="TestJob" computerName="STORGAARD-PC" testType="13cdc9d9-ddb5-4fa4-a97d-d965ccfc6d4b" outcome="NotExecuted" testListId="8c84fa94-04c1-424b-9868-57a2d4851a1d" relativeResultsDirectory="cf396aff-d7a8-442d-bd11-6150f8d75675">
    </UnitTestResult>
  </Results>
</TestRun>