<?xml version="1.0" encoding="UTF-8"?>
<TestRun id="0b731762-59c5-49d6-8717-c8e1455dae20" name="Storgaard@STORGAARD-PC 2012-10-23 14:29:50" runUser="Storgaard-Pc\Storgaard" xmlns="http://microsoft.com/schemas/VisualStudio/TeamTest/2010">
  <TestSettings name="Local" id="79ddcb4f-5f1e-4982-94cd-961ceef6e47a">
    <Description>These are default test settings for a local test run.</Description>
    <Deployment enabled="false" runDeploymentRoot="Storgaard_STORGAARD-PC 2012-10-23 14_29_50">
      <DeploymentItem filename="C:\Users\Storgaard\Documents\Visual Studio 2010\Projects\Benchmarksystem\Benchmarksystem\bin\Debug\Benchmarksystem.exe" />
    </Deployment>
    <Execution>
      <TestTypeSpecific />
      <AgentRule name="Execution Agents">
      </AgentRule>
    </Execution>
  </TestSettings>
  <Times creation="2012-10-23T14:29:50.8734502+02:00" queuing="2012-10-23T14:29:50.9034502+02:00" start="2012-10-23T14:29:51.1394502+02:00" finish="2012-10-23T14:29:51.8934502+02:00" />
  <ResultSummary outcome="Failed">
    <Counters total="12" executed="12" passed="9" error="0" failed="3" timeout="0" aborted="0" inconclusive="0" passedButRunAborted="0" notRunnable="0" notExecuted="0" disconnected="0" warning="0" completed="0" inProgress="0" pending="0" />
  </ResultSummary>
  <TestDefinitions>
    <UnitTest name="TestAddJob" storage="c:\users\storgaard\documents\visual studio 2010\projects\benchmarksystem\benchmarksystemtest\bin\debug\benchmarksystemtest.dll" id="a4176c92-f7b1-fb4f-c035-d52489f193ab">
      <Execution id="7b892c0d-d1ee-4f47-841f-4b8c4a9ab6ba" />
      <TestMethod codeBase="C:/Users/Storgaard/Documents/Visual Studio 2010/Projects/Benchmarksystem/BenchmarksystemTest/bin/Debug/BenchmarksystemTest.DLL" adapterTypeName="Microsoft.VisualStudio.TestTools.TestTypes.Unit.UnitTestAdapter, Microsoft.VisualStudio.QualityTools.Tips.UnitTest.Adapter, Version=10.0.0.0, Culture=neutral, PublicKeyToken=b03f5f7f11d50a3a" className="BenchmarksystemTest.SchedulerTest, BenchmarksystemTest, Version=1.0.0.0, Culture=neutral, PublicKeyToken=null" name="TestAddJob" />
    </UnitTest>
    <UnitTest name="TestSubmit" storage="c:\users\storgaard\documents\visual studio 2010\projects\benchmarksystem\benchmarksystemtest\bin\debug\benchmarksystemtest.dll" id="5f40784a-16a3-593c-c356-b1d36e5bbc7f">
      <Execution id="242c6dde-5e72-42b0-aabe-1cb33e0eb51a" />
      <TestMethod codeBase="C:/Users/Storgaard/Documents/Visual Studio 2010/Projects/Benchmarksystem/BenchmarksystemTest/bin/Debug/BenchmarksystemTest.DLL" adapterTypeName="Microsoft.VisualStudio.TestTools.TestTypes.Unit.UnitTestAdapter, Microsoft.VisualStudio.QualityTools.Tips.UnitTest.Adapter, Version=10.0.0.0, Culture=neutral, PublicKeyToken=b03f5f7f11d50a3a" className="BenchmarksystemTest.BenchmarkSystemTest, BenchmarksystemTest, Version=1.0.0.0, Culture=neutral, PublicKeyToken=null" name="TestSubmit" />
    </UnitTest>
    <UnitTest name="TestPopJob" storage="c:\users\storgaard\documents\visual studio 2010\projects\benchmarksystem\benchmarksystemtest\bin\debug\benchmarksystemtest.dll" id="567cedf6-d1c3-e450-f042-1975452b20da">
      <Execution id="dbfeb5d1-cf7c-40f3-a725-febf9270ee20" />
      <TestMethod codeBase="C:/Users/Storgaard/Documents/Visual Studio 2010/Projects/Benchmarksystem/BenchmarksystemTest/bin/Debug/BenchmarksystemTest.DLL" adapterTypeName="Microsoft.VisualStudio.TestTools.TestTypes.Unit.UnitTestAdapter, Microsoft.VisualStudio.QualityTools.Tips.UnitTest.Adapter, Version=10.0.0.0, Culture=neutral, PublicKeyToken=b03f5f7f11d50a3a" className="BenchmarksystemTest.SchedulerTest, BenchmarksystemTest, Version=1.0.0.0, Culture=neutral, PublicKeyToken=null" name="TestPopJob" />
    </UnitTest>
    <UnitTest name="TestSelectAllUsers" storage="c:\users\storgaard\documents\visual studio 2010\projects\benchmarksystem\benchmarksystemtest\bin\debug\benchmarksystemtest.dll" id="e0d20fc8-8a55-76a1-f806-0e2a519b27f0">
      <Execution id="5375ae0d-6469-44b4-a914-d192e027e687" />
      <TestMethod codeBase="C:/Users/Storgaard/Documents/Visual Studio 2010/Projects/Benchmarksystem/BenchmarksystemTest/bin/Debug/BenchmarksystemTest.DLL" adapterTypeName="Microsoft.VisualStudio.TestTools.TestTypes.Unit.UnitTestAdapter, Microsoft.VisualStudio.QualityTools.Tips.UnitTest.Adapter, Version=10.0.0.0, Culture=neutral, PublicKeyToken=b03f5f7f11d50a3a" className="BenchmarksystemTest.DatabaseModuleTest, BenchmarksystemTest, Version=1.0.0.0, Culture=neutral, PublicKeyToken=null" name="TestSelectAllUsers" />
    </UnitTest>
    <UnitTest name="TestJob" storage="c:\users\storgaard\documents\visual studio 2010\projects\benchmarksystem\benchmarksystemtest\bin\debug\benchmarksystemtest.dll" id="ed6ae572-8ca8-ebfe-2aa4-c4d596c4d17c">
      <Execution id="adba8bb4-b6e5-464c-b42e-6eb4bdf8704f" />
      <TestMethod codeBase="C:/Users/Storgaard/Documents/Visual Studio 2010/Projects/Benchmarksystem/BenchmarksystemTest/bin/Debug/BenchmarksystemTest.DLL" adapterTypeName="Microsoft.VisualStudio.TestTools.TestTypes.Unit.UnitTestAdapter, Microsoft.VisualStudio.QualityTools.Tips.UnitTest.Adapter, Version=10.0.0.0, Culture=neutral, PublicKeyToken=b03f5f7f11d50a3a" className="BenchmarksystemTest.JobTest, BenchmarksystemTest, Version=1.0.0.0, Culture=neutral, PublicKeyToken=null" name="TestJob" />
    </UnitTest>
    <UnitTest name="TestCancel" storage="c:\users\storgaard\documents\visual studio 2010\projects\benchmarksystem\benchmarksystemtest\bin\debug\benchmarksystemtest.dll" id="0a598585-064f-0880-540e-8189966b3eb8">
      <Execution id="e2977c53-6c58-4354-941b-a03fbad2c750" />
      <TestMethod codeBase="C:/Users/Storgaard/Documents/Visual Studio 2010/Projects/Benchmarksystem/BenchmarksystemTest/bin/Debug/BenchmarksystemTest.DLL" adapterTypeName="Microsoft.VisualStudio.TestTools.TestTypes.Unit.UnitTestAdapter, Microsoft.VisualStudio.QualityTools.Tips.UnitTest.Adapter, Version=10.0.0.0, Culture=neutral, PublicKeyToken=b03f5f7f11d50a3a" className="BenchmarksystemTest.BenchmarkSystemTest, BenchmarksystemTest, Version=1.0.0.0, Culture=neutral, PublicKeyToken=null" name="TestCancel" />
    </UnitTest>
    <UnitTest name="TestSelectJobStatuses" storage="c:\users\storgaard\documents\visual studio 2010\projects\benchmarksystem\benchmarksystemtest\bin\debug\benchmarksystemtest.dll" id="b6032d0d-38ca-bc28-c8fd-d9c84c68e19f">
      <Execution id="96be0c89-b181-4427-b4e6-99d7601a422d" />
      <TestMethod codeBase="C:/Users/Storgaard/Documents/Visual Studio 2010/Projects/Benchmarksystem/BenchmarksystemTest/bin/Debug/BenchmarksystemTest.DLL" adapterTypeName="Microsoft.VisualStudio.TestTools.TestTypes.Unit.UnitTestAdapter, Microsoft.VisualStudio.QualityTools.Tips.UnitTest.Adapter, Version=10.0.0.0, Culture=neutral, PublicKeyToken=b03f5f7f11d50a3a" className="BenchmarksystemTest.DatabaseModuleTest, BenchmarksystemTest, Version=1.0.0.0, Culture=neutral, PublicKeyToken=null" name="TestSelectJobStatuses" />
    </UnitTest>
    <UnitTest name="TestRemoveJob" storage="c:\users\storgaard\documents\visual studio 2010\projects\benchmarksystem\benchmarksystemtest\bin\debug\benchmarksystemtest.dll" id="c6a249ef-8f45-0797-90a6-d64839fd07aa">
      <Execution id="50b94ebf-32fc-474e-a666-bd6515abcafd" />
      <TestMethod codeBase="C:/Users/Storgaard/Documents/Visual Studio 2010/Projects/Benchmarksystem/BenchmarksystemTest/bin/Debug/BenchmarksystemTest.DLL" adapterTypeName="Microsoft.VisualStudio.TestTools.TestTypes.Unit.UnitTestAdapter, Microsoft.VisualStudio.QualityTools.Tips.UnitTest.Adapter, Version=10.0.0.0, Culture=neutral, PublicKeyToken=b03f5f7f11d50a3a" className="BenchmarksystemTest.SchedulerTest, BenchmarksystemTest, Version=1.0.0.0, Culture=neutral, PublicKeyToken=null" name="TestRemoveJob" />
    </UnitTest>
    <UnitTest name="TestRemove" storage="c:\users\storgaard\documents\visual studio 2010\projects\benchmarksystem\benchmarksystemtest\bin\debug\benchmarksystemtest.dll" id="35464fd2-fc17-55f8-bfd3-42c06b04be3d">
      <Execution id="95317958-17d6-4ec9-b6bc-1b3a5bb6a0ff" />
      <TestMethod codeBase="C:/Users/Storgaard/Documents/Visual Studio 2010/Projects/Benchmarksystem/BenchmarksystemTest/bin/Debug/BenchmarksystemTest.DLL" adapterTypeName="Microsoft.VisualStudio.TestTools.TestTypes.Unit.UnitTestAdapter, Microsoft.VisualStudio.QualityTools.Tips.UnitTest.Adapter, Version=10.0.0.0, Culture=neutral, PublicKeyToken=b03f5f7f11d50a3a" className="BenchmarksystemTest.QueueExtensionsTest, BenchmarksystemTest, Version=1.0.0.0, Culture=neutral, PublicKeyToken=null" name="TestRemove" />
    </UnitTest>
    <UnitTest name="TestExecute" storage="c:\users\storgaard\documents\visual studio 2010\projects\benchmarksystem\benchmarksystemtest\bin\debug\benchmarksystemtest.dll" id="6951b190-237e-9ae8-23bc-7b7f4c0257d3">
      <Execution id="bfdccd0a-ea5a-4610-b73d-1dba953e89d0" />
      <TestMethod codeBase="C:/Users/Storgaard/Documents/Visual Studio 2010/Projects/Benchmarksystem/BenchmarksystemTest/bin/Debug/BenchmarksystemTest.DLL" adapterTypeName="Microsoft.VisualStudio.TestTools.TestTypes.Unit.UnitTestAdapter, Microsoft.VisualStudio.QualityTools.Tips.UnitTest.Adapter, Version=10.0.0.0, Culture=neutral, PublicKeyToken=b03f5f7f11d50a3a" className="BenchmarksystemTest.BenchmarkSystemTest, BenchmarksystemTest, Version=1.0.0.0, Culture=neutral, PublicKeyToken=null" name="TestExecute" />
    </UnitTest>
    <UnitTest name="TestCreateRandomJob" storage="c:\users\storgaard\documents\visual studio 2010\projects\benchmarksystem\benchmarksystemtest\bin\debug\benchmarksystemtest.dll" id="e405d5dc-9596-ecfe-fe65-af021cd78a76">
      <Execution id="f77809b0-b486-4c53-a750-7450402fce2b" />
      <TestMethod codeBase="C:/Users/Storgaard/Documents/Visual Studio 2010/Projects/Benchmarksystem/BenchmarksystemTest/bin/Debug/BenchmarksystemTest.DLL" adapterTypeName="Microsoft.VisualStudio.TestTools.TestTypes.Unit.UnitTestAdapter, Microsoft.VisualStudio.QualityTools.Tips.UnitTest.Adapter, Version=10.0.0.0, Culture=neutral, PublicKeyToken=b03f5f7f11d50a3a" className="BenchmarksystemTest.UserTest, BenchmarksystemTest, Version=1.0.0.0, Culture=neutral, PublicKeyToken=null" name="TestCreateRandomJob" />
    </UnitTest>
    <UnitTest name="TestSelectAllJobs" storage="c:\users\storgaard\documents\visual studio 2010\projects\benchmarksystem\benchmarksystemtest\bin\debug\benchmarksystemtest.dll" id="2e7d97e7-fa33-0ab4-a823-d2979082e310">
      <Execution id="1e83bb59-8e45-4ac5-8648-609f5ed76e3a" />
      <TestMethod codeBase="C:/Users/Storgaard/Documents/Visual Studio 2010/Projects/Benchmarksystem/BenchmarksystemTest/bin/Debug/BenchmarksystemTest.DLL" adapterTypeName="Microsoft.VisualStudio.TestTools.TestTypes.Unit.UnitTestAdapter, Microsoft.VisualStudio.QualityTools.Tips.UnitTest.Adapter, Version=10.0.0.0, Culture=neutral, PublicKeyToken=b03f5f7f11d50a3a" className="BenchmarksystemTest.DatabaseModuleTest, BenchmarksystemTest, Version=1.0.0.0, Culture=neutral, PublicKeyToken=null" name="TestSelectAllJobs" />
    </UnitTest>
  </TestDefinitions>
  <TestLists>
    <TestList name="Results Not in a List" id="8c84fa94-04c1-424b-9868-57a2d4851a1d" />
    <TestList name="All Loaded Results" id="19431567-8539-422a-85d7-44ee4e166bda" />
  </TestLists>
  <TestEntries>
    <TestEntry testId="0a598585-064f-0880-540e-8189966b3eb8" executionId="e2977c53-6c58-4354-941b-a03fbad2c750" testListId="8c84fa94-04c1-424b-9868-57a2d4851a1d" />
    <TestEntry testId="2e7d97e7-fa33-0ab4-a823-d2979082e310" executionId="1e83bb59-8e45-4ac5-8648-609f5ed76e3a" testListId="8c84fa94-04c1-424b-9868-57a2d4851a1d" />
    <TestEntry testId="35464fd2-fc17-55f8-bfd3-42c06b04be3d" executionId="95317958-17d6-4ec9-b6bc-1b3a5bb6a0ff" testListId="8c84fa94-04c1-424b-9868-57a2d4851a1d" />
    <TestEntry testId="567cedf6-d1c3-e450-f042-1975452b20da" executionId="dbfeb5d1-cf7c-40f3-a725-febf9270ee20" testListId="8c84fa94-04c1-424b-9868-57a2d4851a1d" />
    <TestEntry testId="5f40784a-16a3-593c-c356-b1d36e5bbc7f" executionId="242c6dde-5e72-42b0-aabe-1cb33e0eb51a" testListId="8c84fa94-04c1-424b-9868-57a2d4851a1d" />
    <TestEntry testId="6951b190-237e-9ae8-23bc-7b7f4c0257d3" executionId="bfdccd0a-ea5a-4610-b73d-1dba953e89d0" testListId="8c84fa94-04c1-424b-9868-57a2d4851a1d" />
    <TestEntry testId="a4176c92-f7b1-fb4f-c035-d52489f193ab" executionId="7b892c0d-d1ee-4f47-841f-4b8c4a9ab6ba" testListId="8c84fa94-04c1-424b-9868-57a2d4851a1d" />
    <TestEntry testId="b6032d0d-38ca-bc28-c8fd-d9c84c68e19f" executionId="96be0c89-b181-4427-b4e6-99d7601a422d" testListId="8c84fa94-04c1-424b-9868-57a2d4851a1d" />
    <TestEntry testId="c6a249ef-8f45-0797-90a6-d64839fd07aa" executionId="50b94ebf-32fc-474e-a666-bd6515abcafd" testListId="8c84fa94-04c1-424b-9868-57a2d4851a1d" />
    <TestEntry testId="e0d20fc8-8a55-76a1-f806-0e2a519b27f0" executionId="5375ae0d-6469-44b4-a914-d192e027e687" testListId="8c84fa94-04c1-424b-9868-57a2d4851a1d" />
    <TestEntry testId="e405d5dc-9596-ecfe-fe65-af021cd78a76" executionId="f77809b0-b486-4c53-a750-7450402fce2b" testListId="8c84fa94-04c1-424b-9868-57a2d4851a1d" />
    <TestEntry testId="ed6ae572-8ca8-ebfe-2aa4-c4d596c4d17c" executionId="adba8bb4-b6e5-464c-b42e-6eb4bdf8704f" testListId="8c84fa94-04c1-424b-9868-57a2d4851a1d" />
  </TestEntries>
  <Results>
    <UnitTestResult executionId="e2977c53-6c58-4354-941b-a03fbad2c750" testId="0a598585-064f-0880-540e-8189966b3eb8" testName="TestCancel" computerName="STORGAARD-PC" duration="00:00:00.0245547" startTime="2012-10-23T14:29:51.2564502+02:00" endTime="2012-10-23T14:29:51.4954502+02:00" testType="13cdc9d9-ddb5-4fa4-a97d-d965ccfc6d4b" outcome="Passed" testListId="8c84fa94-04c1-424b-9868-57a2d4851a1d" relativeResultsDirectory="e2977c53-6c58-4354-941b-a03fbad2c750">
    </UnitTestResult>
    <UnitTestResult executionId="1e83bb59-8e45-4ac5-8648-609f5ed76e3a" testId="2e7d97e7-fa33-0ab4-a823-d2979082e310" testName="TestSelectAllJobs" computerName="STORGAARD-PC" duration="00:00:00.0381622" startTime="2012-10-23T14:29:51.4964502+02:00" endTime="2012-10-23T14:29:51.5454502+02:00" testType="13cdc9d9-ddb5-4fa4-a97d-d965ccfc6d4b" outcome="Failed" testListId="8c84fa94-04c1-424b-9868-57a2d4851a1d" relativeResultsDirectory="1e83bb59-8e45-4ac5-8648-609f5ed76e3a">
      <Output>
        <ErrorInfo>
          <Message>Test method BenchmarksystemTest.DatabaseModuleTest.TestSelectAllJobs threw exception: 
System.ArgumentException: The specified named connection is either not found in the configuration, not intended to be used with the EntityClient provider, or not valid.</Message>
          <StackTrace>    at System.Data.EntityClient.EntityConnection.ChangeConnectionString(String newConnectionString)
   at System.Data.EntityClient.EntityConnection..ctor(String connectionString)
   at System.Data.Objects.ObjectContext.CreateEntityConnection(String connectionString)
   at System.Data.Objects.ObjectContext..ctor(String connectionString, String defaultContainerName)
   at Benchmarksystem.Model1Container..ctor() in C:\Users\Storgaard\Documents\Visual Studio 2010\Projects\Benchmarksystem\Benchmarksystem\Model1.Designer.cs:line 34
   at Benchmarksystem.DatabaseModule.SelectAllJobs(String user) in C:\Users\Storgaard\Documents\Visual Studio 2010\Projects\Benchmarksystem\Benchmarksystem\DatabaseModule.cs:line 31
   at BenchmarksystemTest.DatabaseModuleTest.TestSelectAllJobs() in C:\Users\Storgaard\Documents\Visual Studio 2010\Projects\Benchmarksystem\BenchmarksystemTest\DatabaseModuleTest.cs:line 19
</StackTrace>
        </ErrorInfo>
      </Output>
    </UnitTestResult>
    <UnitTestResult executionId="95317958-17d6-4ec9-b6bc-1b3a5bb6a0ff" testId="35464fd2-fc17-55f8-bfd3-42c06b04be3d" testName="TestRemove" computerName="STORGAARD-PC" duration="00:00:00.0021581" startTime="2012-10-23T14:29:51.5484502+02:00" endTime="2012-10-23T14:29:51.5624502+02:00" testType="13cdc9d9-ddb5-4fa4-a97d-d965ccfc6d4b" outcome="Passed" testListId="8c84fa94-04c1-424b-9868-57a2d4851a1d" relativeResultsDirectory="95317958-17d6-4ec9-b6bc-1b3a5bb6a0ff">
    </UnitTestResult>
    <UnitTestResult executionId="dbfeb5d1-cf7c-40f3-a725-febf9270ee20" testId="567cedf6-d1c3-e450-f042-1975452b20da" testName="TestPopJob" computerName="STORGAARD-PC" duration="00:00:00.0041047" startTime="2012-10-23T14:29:51.5644502+02:00" endTime="2012-10-23T14:29:51.5764502+02:00" testType="13cdc9d9-ddb5-4fa4-a97d-d965ccfc6d4b" outcome="Passed" testListId="8c84fa94-04c1-424b-9868-57a2d4851a1d" relativeResultsDirectory="dbfeb5d1-cf7c-40f3-a725-febf9270ee20">
    </UnitTestResult>
    <UnitTestResult executionId="242c6dde-5e72-42b0-aabe-1cb33e0eb51a" testId="5f40784a-16a3-593c-c356-b1d36e5bbc7f" testName="TestSubmit" computerName="STORGAARD-PC" duration="00:00:00.0049557" startTime="2012-10-23T14:29:51.5794502+02:00" endTime="2012-10-23T14:29:51.5904502+02:00" testType="13cdc9d9-ddb5-4fa4-a97d-d965ccfc6d4b" outcome="Passed" testListId="8c84fa94-04c1-424b-9868-57a2d4851a1d" relativeResultsDirectory="242c6dde-5e72-42b0-aabe-1cb33e0eb51a">
    </UnitTestResult>
    <UnitTestResult executionId="bfdccd0a-ea5a-4610-b73d-1dba953e89d0" testId="6951b190-237e-9ae8-23bc-7b7f4c0257d3" testName="TestExecute" computerName="STORGAARD-PC" duration="00:00:00.0057105" startTime="2012-10-23T14:29:51.5944502+02:00" endTime="2012-10-23T14:29:51.6064502+02:00" testType="13cdc9d9-ddb5-4fa4-a97d-d965ccfc6d4b" outcome="Passed" testListId="8c84fa94-04c1-424b-9868-57a2d4851a1d" relativeResultsDirectory="bfdccd0a-ea5a-4610-b73d-1dba953e89d0">
      <Output>
        <StdOut>running ID:  1 Job: 4 Free:26 Wait:0
   running ID:  2 Job: 4 Free:22 Wait:0
   running ID:  3 Job: 1 Free:21 Wait:0
   running ID:  4 Job: 6 Free:15 Wait:0</StdOut>
      </Output>
    </UnitTestResult>
    <UnitTestResult executionId="7b892c0d-d1ee-4f47-841f-4b8c4a9ab6ba" testId="a4176c92-f7b1-fb4f-c035-d52489f193ab" testName="TestAddJob" computerName="STORGAARD-PC" duration="00:00:00.0035126" startTime="2012-10-23T14:29:51.6094502+02:00" endTime="2012-10-23T14:29:51.6184502+02:00" testType="13cdc9d9-ddb5-4fa4-a97d-d965ccfc6d4b" outcome="Passed" testListId="8c84fa94-04c1-424b-9868-57a2d4851a1d" relativeResultsDirectory="7b892c0d-d1ee-4f47-841f-4b8c4a9ab6ba">
    </UnitTestResult>
    <UnitTestResult executionId="96be0c89-b181-4427-b4e6-99d7601a422d" testId="b6032d0d-38ca-bc28-c8fd-d9c84c68e19f" testName="TestSelectJobStatuses" computerName="STORGAARD-PC" duration="00:00:00.0050172" startTime="2012-10-23T14:29:51.6214502+02:00" endTime="2012-10-23T14:29:51.6324502+02:00" testType="13cdc9d9-ddb5-4fa4-a97d-d965ccfc6d4b" outcome="Failed" testListId="8c84fa94-04c1-424b-9868-57a2d4851a1d" relativeResultsDirectory="96be0c89-b181-4427-b4e6-99d7601a422d">
      <Output>
        <ErrorInfo>
          <Message>Test method BenchmarksystemTest.DatabaseModuleTest.TestSelectJobStatuses threw exception: 
System.ArgumentException: The specified named connection is either not found in the configuration, not intended to be used with the EntityClient provider, or not valid.</Message>
          <StackTrace>    at System.Data.EntityClient.EntityConnection.ChangeConnectionString(String newConnectionString)
   at System.Data.EntityClient.EntityConnection..ctor(String connectionString)
   at System.Data.Objects.ObjectContext.CreateEntityConnection(String connectionString)
   at System.Data.Objects.ObjectContext..ctor(String connectionString, String defaultContainerName)
   at Benchmarksystem.Model1Container..ctor() in C:\Users\Storgaard\Documents\Visual Studio 2010\Projects\Benchmarksystem\Benchmarksystem\Model1.Designer.cs:line 34
   at Benchmarksystem.DatabaseModule.SelectJobStatuses(DateTime fromDate, DateTime toDate) in C:\Users\Storgaard\Documents\Visual Studio 2010\Projects\Benchmarksystem\Benchmarksystem\DatabaseModule.cs:line 58
   at BenchmarksystemTest.DatabaseModuleTest.TestSelectJobStatuses() in C:\Users\Storgaard\Documents\Visual Studio 2010\Projects\Benchmarksystem\BenchmarksystemTest\DatabaseModuleTest.cs:line 47
</StackTrace>
        </ErrorInfo>
      </Output>
    </UnitTestResult>
    <UnitTestResult executionId="50b94ebf-32fc-474e-a666-bd6515abcafd" testId="c6a249ef-8f45-0797-90a6-d64839fd07aa" testName="TestRemoveJob" computerName="STORGAARD-PC" duration="00:00:00.0034379" startTime="2012-10-23T14:29:51.6344502+02:00" endTime="2012-10-23T14:29:51.6554502+02:00" testType="13cdc9d9-ddb5-4fa4-a97d-d965ccfc6d4b" outcome="Passed" testListId="8c84fa94-04c1-424b-9868-57a2d4851a1d" relativeResultsDirectory="50b94ebf-32fc-474e-a666-bd6515abcafd">
    </UnitTestResult>
    <UnitTestResult executionId="5375ae0d-6469-44b4-a914-d192e027e687" testId="e0d20fc8-8a55-76a1-f806-0e2a519b27f0" testName="TestSelectAllUsers" computerName="STORGAARD-PC" duration="00:00:00.0027097" startTime="2012-10-23T14:29:51.6584502+02:00" endTime="2012-10-23T14:29:51.6694502+02:00" testType="13cdc9d9-ddb5-4fa4-a97d-d965ccfc6d4b" outcome="Failed" testListId="8c84fa94-04c1-424b-9868-57a2d4851a1d" relativeResultsDirectory="5375ae0d-6469-44b4-a914-d192e027e687">
      <Output>
        <ErrorInfo>
          <Message>Test method BenchmarksystemTest.DatabaseModuleTest.TestSelectAllUsers threw exception: 
System.ArgumentException: The specified named connection is either not found in the configuration, not intended to be used with the EntityClient provider, or not valid.</Message>
          <StackTrace>    at System.Data.EntityClient.EntityConnection.ChangeConnectionString(String newConnectionString)
   at System.Data.EntityClient.EntityConnection..ctor(String connectionString)
   at System.Data.Objects.ObjectContext.CreateEntityConnection(String connectionString)
   at System.Data.Objects.ObjectContext..ctor(String connectionString, String defaultContainerName)
   at Benchmarksystem.Model1Container..ctor() in C:\Users\Storgaard\Documents\Visual Studio 2010\Projects\Benchmarksystem\Benchmarksystem\Model1.Designer.cs:line 34
   at Benchmarksystem.DatabaseModule.SelectAllUsers() in C:\Users\Storgaard\Documents\Visual Studio 2010\Projects\Benchmarksystem\Benchmarksystem\DatabaseModule.cs:line 23
   at BenchmarksystemTest.DatabaseModuleTest.TestSelectAllUsers() in C:\Users\Storgaard\Documents\Visual Studio 2010\Projects\Benchmarksystem\BenchmarksystemTest\DatabaseModuleTest.cs:line 13
</StackTrace>
        </ErrorInfo>
      </Output>
    </UnitTestResult>
    <UnitTestResult executionId="f77809b0-b486-4c53-a750-7450402fce2b" testId="e405d5dc-9596-ecfe-fe65-af021cd78a76" testName="TestCreateRandomJob" computerName="STORGAARD-PC" duration="00:00:00.0021850" startTime="2012-10-23T14:29:51.6714502+02:00" endTime="2012-10-23T14:29:51.6834502+02:00" testType="13cdc9d9-ddb5-4fa4-a97d-d965ccfc6d4b" outcome="Passed" testListId="8c84fa94-04c1-424b-9868-57a2d4851a1d" relativeResultsDirectory="f77809b0-b486-4c53-a750-7450402fce2b">
    </UnitTestResult>
    <UnitTestResult executionId="adba8bb4-b6e5-464c-b42e-6eb4bdf8704f" testId="ed6ae572-8ca8-ebfe-2aa4-c4d596c4d17c" testName="TestJob" computerName="STORGAARD-PC" duration="00:00:00.0042615" startTime="2012-10-23T14:29:51.6854502+02:00" endTime="2012-10-23T14:29:51.6994502+02:00" testType="13cdc9d9-ddb5-4fa4-a97d-d965ccfc6d4b" outcome="Passed" testListId="8c84fa94-04c1-424b-9868-57a2d4851a1d" relativeResultsDirectory="adba8bb4-b6e5-464c-b42e-6eb4bdf8704f">
    </UnitTestResult>
  </Results>
</TestRun>