<?xml version="1.0" encoding="UTF-8"?>
<TestRun id="4b6315e3-cbb4-4b76-83e0-a352d3bd89ed" name="Storgaard@STORGAARD-PC 2012-10-23 13:55:03" runUser="Storgaard-Pc\Storgaard" xmlns="http://microsoft.com/schemas/VisualStudio/TeamTest/2010">
  <TestSettings name="Local" id="79ddcb4f-5f1e-4982-94cd-961ceef6e47a">
    <Description>These are default test settings for a local test run.</Description>
    <Deployment enabled="false" runDeploymentRoot="Storgaard_STORGAARD-PC 2012-10-23 13_55_03">
      <DeploymentItem filename="C:\Users\Storgaard\Documents\Visual Studio 2010\Projects\Benchmarksystem\Benchmarksystem\bin\Debug\Benchmarksystem.exe" />
    </Deployment>
    <Execution>
      <TestTypeSpecific />
      <AgentRule name="Execution Agents">
      </AgentRule>
    </Execution>
  </TestSettings>
  <Times creation="2012-10-23T13:55:03.7870175+02:00" queuing="2012-10-23T13:55:03.8470235+02:00" start="2012-10-23T13:55:03.8660254+02:00" finish="2012-10-23T13:55:04.8621250+02:00" />
  <ResultSummary outcome="Failed">
    <Counters total="11" executed="11" passed="8" error="0" failed="3" timeout="0" aborted="0" inconclusive="0" passedButRunAborted="0" notRunnable="0" notExecuted="0" disconnected="0" warning="0" completed="0" inProgress="0" pending="0" />
  </ResultSummary>
  <TestDefinitions>
    <UnitTest name="TestAddJob" storage="c:\users\storgaard\documents\visual studio 2010\projects\benchmarksystem\benchmarksystemtest\bin\debug\benchmarksystemtest.dll" id="a4176c92-f7b1-fb4f-c035-d52489f193ab">
      <Execution id="b931116c-5afd-4903-b14c-31425e7e2e06" />
      <TestMethod codeBase="C:/Users/Storgaard/Documents/Visual Studio 2010/Projects/Benchmarksystem/BenchmarksystemTest/bin/Debug/BenchmarksystemTest.DLL" adapterTypeName="Microsoft.VisualStudio.TestTools.TestTypes.Unit.UnitTestAdapter, Microsoft.VisualStudio.QualityTools.Tips.UnitTest.Adapter, Version=10.0.0.0, Culture=neutral, PublicKeyToken=b03f5f7f11d50a3a" className="BenchmarksystemTest.SchedulerTest, BenchmarksystemTest, Version=1.0.0.0, Culture=neutral, PublicKeyToken=null" name="TestAddJob" />
    </UnitTest>
    <UnitTest name="TestSubmit" storage="c:\users\storgaard\documents\visual studio 2010\projects\benchmarksystem\benchmarksystemtest\bin\debug\benchmarksystemtest.dll" id="5f40784a-16a3-593c-c356-b1d36e5bbc7f">
      <Execution id="b71ea423-3e34-4dd3-be79-9fd430d0c1bd" />
      <TestMethod codeBase="C:/Users/Storgaard/Documents/Visual Studio 2010/Projects/Benchmarksystem/BenchmarksystemTest/bin/Debug/BenchmarksystemTest.DLL" adapterTypeName="Microsoft.VisualStudio.TestTools.TestTypes.Unit.UnitTestAdapter, Microsoft.VisualStudio.QualityTools.Tips.UnitTest.Adapter, Version=10.0.0.0, Culture=neutral, PublicKeyToken=b03f5f7f11d50a3a" className="BenchmarksystemTest.BenchmarkSystemTest, BenchmarksystemTest, Version=1.0.0.0, Culture=neutral, PublicKeyToken=null" name="TestSubmit" />
    </UnitTest>
    <UnitTest name="TestPopJob" storage="c:\users\storgaard\documents\visual studio 2010\projects\benchmarksystem\benchmarksystemtest\bin\debug\benchmarksystemtest.dll" id="567cedf6-d1c3-e450-f042-1975452b20da">
      <Execution id="cd27d297-b9cc-496c-8b1b-566d2ac38389" />
      <TestMethod codeBase="C:/Users/Storgaard/Documents/Visual Studio 2010/Projects/Benchmarksystem/BenchmarksystemTest/bin/Debug/BenchmarksystemTest.DLL" adapterTypeName="Microsoft.VisualStudio.TestTools.TestTypes.Unit.UnitTestAdapter, Microsoft.VisualStudio.QualityTools.Tips.UnitTest.Adapter, Version=10.0.0.0, Culture=neutral, PublicKeyToken=b03f5f7f11d50a3a" className="BenchmarksystemTest.SchedulerTest, BenchmarksystemTest, Version=1.0.0.0, Culture=neutral, PublicKeyToken=null" name="TestPopJob" />
    </UnitTest>
    <UnitTest name="TestSelectAllUsers" storage="c:\users\storgaard\documents\visual studio 2010\projects\benchmarksystem\benchmarksystemtest\bin\debug\benchmarksystemtest.dll" id="e0d20fc8-8a55-76a1-f806-0e2a519b27f0">
      <Execution id="afe66bdc-9827-4ef3-8544-b80848a7452b" />
      <TestMethod codeBase="C:/Users/Storgaard/Documents/Visual Studio 2010/Projects/Benchmarksystem/BenchmarksystemTest/bin/Debug/BenchmarksystemTest.DLL" adapterTypeName="Microsoft.VisualStudio.TestTools.TestTypes.Unit.UnitTestAdapter, Microsoft.VisualStudio.QualityTools.Tips.UnitTest.Adapter, Version=10.0.0.0, Culture=neutral, PublicKeyToken=b03f5f7f11d50a3a" className="BenchmarksystemTest.DatabaseModuleTest, BenchmarksystemTest, Version=1.0.0.0, Culture=neutral, PublicKeyToken=null" name="TestSelectAllUsers" />
    </UnitTest>
    <UnitTest name="TestJob" storage="c:\users\storgaard\documents\visual studio 2010\projects\benchmarksystem\benchmarksystemtest\bin\debug\benchmarksystemtest.dll" id="ed6ae572-8ca8-ebfe-2aa4-c4d596c4d17c">
      <Execution id="70fcc9ab-d0ab-40ec-a642-fd6a18f4a763" />
      <TestMethod codeBase="C:/Users/Storgaard/Documents/Visual Studio 2010/Projects/Benchmarksystem/BenchmarksystemTest/bin/Debug/BenchmarksystemTest.DLL" adapterTypeName="Microsoft.VisualStudio.TestTools.TestTypes.Unit.UnitTestAdapter, Microsoft.VisualStudio.QualityTools.Tips.UnitTest.Adapter, Version=10.0.0.0, Culture=neutral, PublicKeyToken=b03f5f7f11d50a3a" className="BenchmarksystemTest.JobTest, BenchmarksystemTest, Version=1.0.0.0, Culture=neutral, PublicKeyToken=null" name="TestJob" />
    </UnitTest>
    <UnitTest name="TestCancel" storage="c:\users\storgaard\documents\visual studio 2010\projects\benchmarksystem\benchmarksystemtest\bin\debug\benchmarksystemtest.dll" id="0a598585-064f-0880-540e-8189966b3eb8">
      <Execution id="16034e03-78f7-4167-a5e1-927860348d59" />
      <TestMethod codeBase="C:/Users/Storgaard/Documents/Visual Studio 2010/Projects/Benchmarksystem/BenchmarksystemTest/bin/Debug/BenchmarksystemTest.DLL" adapterTypeName="Microsoft.VisualStudio.TestTools.TestTypes.Unit.UnitTestAdapter, Microsoft.VisualStudio.QualityTools.Tips.UnitTest.Adapter, Version=10.0.0.0, Culture=neutral, PublicKeyToken=b03f5f7f11d50a3a" className="BenchmarksystemTest.BenchmarkSystemTest, BenchmarksystemTest, Version=1.0.0.0, Culture=neutral, PublicKeyToken=null" name="TestCancel" />
    </UnitTest>
    <UnitTest name="TestSelectJobStatuses" storage="c:\users\storgaard\documents\visual studio 2010\projects\benchmarksystem\benchmarksystemtest\bin\debug\benchmarksystemtest.dll" id="b6032d0d-38ca-bc28-c8fd-d9c84c68e19f">
      <Execution id="ced02ff9-d325-4fd4-abb3-5a6c4601295e" />
      <TestMethod codeBase="C:/Users/Storgaard/Documents/Visual Studio 2010/Projects/Benchmarksystem/BenchmarksystemTest/bin/Debug/BenchmarksystemTest.DLL" adapterTypeName="Microsoft.VisualStudio.TestTools.TestTypes.Unit.UnitTestAdapter, Microsoft.VisualStudio.QualityTools.Tips.UnitTest.Adapter, Version=10.0.0.0, Culture=neutral, PublicKeyToken=b03f5f7f11d50a3a" className="BenchmarksystemTest.DatabaseModuleTest, BenchmarksystemTest, Version=1.0.0.0, Culture=neutral, PublicKeyToken=null" name="TestSelectJobStatuses" />
    </UnitTest>
    <UnitTest name="TestRemoveJob" storage="c:\users\storgaard\documents\visual studio 2010\projects\benchmarksystem\benchmarksystemtest\bin\debug\benchmarksystemtest.dll" id="c6a249ef-8f45-0797-90a6-d64839fd07aa">
      <Execution id="43c8ecfa-5093-45b7-9c3e-d7492e5e3d29" />
      <TestMethod codeBase="C:/Users/Storgaard/Documents/Visual Studio 2010/Projects/Benchmarksystem/BenchmarksystemTest/bin/Debug/BenchmarksystemTest.DLL" adapterTypeName="Microsoft.VisualStudio.TestTools.TestTypes.Unit.UnitTestAdapter, Microsoft.VisualStudio.QualityTools.Tips.UnitTest.Adapter, Version=10.0.0.0, Culture=neutral, PublicKeyToken=b03f5f7f11d50a3a" className="BenchmarksystemTest.SchedulerTest, BenchmarksystemTest, Version=1.0.0.0, Culture=neutral, PublicKeyToken=null" name="TestRemoveJob" />
    </UnitTest>
    <UnitTest name="TestRemove" storage="c:\users\storgaard\documents\visual studio 2010\projects\benchmarksystem\benchmarksystemtest\bin\debug\benchmarksystemtest.dll" id="35464fd2-fc17-55f8-bfd3-42c06b04be3d">
      <Execution id="3cdb5d95-9196-4a74-b2f7-e992e467c250" />
      <TestMethod codeBase="C:/Users/Storgaard/Documents/Visual Studio 2010/Projects/Benchmarksystem/BenchmarksystemTest/bin/Debug/BenchmarksystemTest.DLL" adapterTypeName="Microsoft.VisualStudio.TestTools.TestTypes.Unit.UnitTestAdapter, Microsoft.VisualStudio.QualityTools.Tips.UnitTest.Adapter, Version=10.0.0.0, Culture=neutral, PublicKeyToken=b03f5f7f11d50a3a" className="BenchmarksystemTest.QueueExtensionsTest, BenchmarksystemTest, Version=1.0.0.0, Culture=neutral, PublicKeyToken=null" name="TestRemove" />
    </UnitTest>
    <UnitTest name="TestExecute" storage="c:\users\storgaard\documents\visual studio 2010\projects\benchmarksystem\benchmarksystemtest\bin\debug\benchmarksystemtest.dll" id="6951b190-237e-9ae8-23bc-7b7f4c0257d3">
      <Execution id="61fa749d-a482-40dd-b5fa-498efbf2e630" />
      <TestMethod codeBase="C:/Users/Storgaard/Documents/Visual Studio 2010/Projects/Benchmarksystem/BenchmarksystemTest/bin/Debug/BenchmarksystemTest.DLL" adapterTypeName="Microsoft.VisualStudio.TestTools.TestTypes.Unit.UnitTestAdapter, Microsoft.VisualStudio.QualityTools.Tips.UnitTest.Adapter, Version=10.0.0.0, Culture=neutral, PublicKeyToken=b03f5f7f11d50a3a" className="BenchmarksystemTest.BenchmarkSystemTest, BenchmarksystemTest, Version=1.0.0.0, Culture=neutral, PublicKeyToken=null" name="TestExecute" />
    </UnitTest>
    <UnitTest name="TestSelectAllJobs" storage="c:\users\storgaard\documents\visual studio 2010\projects\benchmarksystem\benchmarksystemtest\bin\debug\benchmarksystemtest.dll" id="2e7d97e7-fa33-0ab4-a823-d2979082e310">
      <Execution id="c5ea9fda-91be-4932-9c93-e1e1fd9e95e2" />
      <TestMethod codeBase="C:/Users/Storgaard/Documents/Visual Studio 2010/Projects/Benchmarksystem/BenchmarksystemTest/bin/Debug/BenchmarksystemTest.DLL" adapterTypeName="Microsoft.VisualStudio.TestTools.TestTypes.Unit.UnitTestAdapter, Microsoft.VisualStudio.QualityTools.Tips.UnitTest.Adapter, Version=10.0.0.0, Culture=neutral, PublicKeyToken=b03f5f7f11d50a3a" className="BenchmarksystemTest.DatabaseModuleTest, BenchmarksystemTest, Version=1.0.0.0, Culture=neutral, PublicKeyToken=null" name="TestSelectAllJobs" />
    </UnitTest>
  </TestDefinitions>
  <TestLists>
    <TestList name="Results Not in a List" id="8c84fa94-04c1-424b-9868-57a2d4851a1d" />
    <TestList name="All Loaded Results" id="19431567-8539-422a-85d7-44ee4e166bda" />
  </TestLists>
  <TestEntries>
    <TestEntry testId="0a598585-064f-0880-540e-8189966b3eb8" executionId="16034e03-78f7-4167-a5e1-927860348d59" testListId="8c84fa94-04c1-424b-9868-57a2d4851a1d" />
    <TestEntry testId="2e7d97e7-fa33-0ab4-a823-d2979082e310" executionId="c5ea9fda-91be-4932-9c93-e1e1fd9e95e2" testListId="8c84fa94-04c1-424b-9868-57a2d4851a1d" />
    <TestEntry testId="35464fd2-fc17-55f8-bfd3-42c06b04be3d" executionId="3cdb5d95-9196-4a74-b2f7-e992e467c250" testListId="8c84fa94-04c1-424b-9868-57a2d4851a1d" />
    <TestEntry testId="567cedf6-d1c3-e450-f042-1975452b20da" executionId="cd27d297-b9cc-496c-8b1b-566d2ac38389" testListId="8c84fa94-04c1-424b-9868-57a2d4851a1d" />
    <TestEntry testId="5f40784a-16a3-593c-c356-b1d36e5bbc7f" executionId="b71ea423-3e34-4dd3-be79-9fd430d0c1bd" testListId="8c84fa94-04c1-424b-9868-57a2d4851a1d" />
    <TestEntry testId="6951b190-237e-9ae8-23bc-7b7f4c0257d3" executionId="61fa749d-a482-40dd-b5fa-498efbf2e630" testListId="8c84fa94-04c1-424b-9868-57a2d4851a1d" />
    <TestEntry testId="a4176c92-f7b1-fb4f-c035-d52489f193ab" executionId="b931116c-5afd-4903-b14c-31425e7e2e06" testListId="8c84fa94-04c1-424b-9868-57a2d4851a1d" />
    <TestEntry testId="b6032d0d-38ca-bc28-c8fd-d9c84c68e19f" executionId="ced02ff9-d325-4fd4-abb3-5a6c4601295e" testListId="8c84fa94-04c1-424b-9868-57a2d4851a1d" />
    <TestEntry testId="c6a249ef-8f45-0797-90a6-d64839fd07aa" executionId="43c8ecfa-5093-45b7-9c3e-d7492e5e3d29" testListId="8c84fa94-04c1-424b-9868-57a2d4851a1d" />
    <TestEntry testId="e0d20fc8-8a55-76a1-f806-0e2a519b27f0" executionId="afe66bdc-9827-4ef3-8544-b80848a7452b" testListId="8c84fa94-04c1-424b-9868-57a2d4851a1d" />
    <TestEntry testId="ed6ae572-8ca8-ebfe-2aa4-c4d596c4d17c" executionId="70fcc9ab-d0ab-40ec-a642-fd6a18f4a763" testListId="8c84fa94-04c1-424b-9868-57a2d4851a1d" />
  </TestEntries>
  <Results>
    <UnitTestResult executionId="16034e03-78f7-4167-a5e1-927860348d59" testId="0a598585-064f-0880-540e-8189966b3eb8" testName="TestCancel" computerName="STORGAARD-PC" duration="00:00:00.0228909" startTime="2012-10-23T13:55:04.1680556+02:00" endTime="2012-10-23T13:55:04.4390827+02:00" testType="13cdc9d9-ddb5-4fa4-a97d-d965ccfc6d4b" outcome="Passed" testListId="8c84fa94-04c1-424b-9868-57a2d4851a1d" relativeResultsDirectory="16034e03-78f7-4167-a5e1-927860348d59">
    </UnitTestResult>
    <UnitTestResult executionId="c5ea9fda-91be-4932-9c93-e1e1fd9e95e2" testId="2e7d97e7-fa33-0ab4-a823-d2979082e310" testName="TestSelectAllJobs" computerName="STORGAARD-PC" duration="00:00:00.0582586" startTime="2012-10-23T13:55:04.4430831+02:00" endTime="2012-10-23T13:55:04.5090897+02:00" testType="13cdc9d9-ddb5-4fa4-a97d-d965ccfc6d4b" outcome="Failed" testListId="8c84fa94-04c1-424b-9868-57a2d4851a1d" relativeResultsDirectory="c5ea9fda-91be-4932-9c93-e1e1fd9e95e2">
      <Output>
        <ErrorInfo>
          <Message>Test method BenchmarksystemTest.DatabaseModuleTest.TestSelectAllJobs threw exception: 
System.ArgumentException: The specified named connection is either not found in the configuration, not intended to be used with the EntityClient provider, or not valid.</Message>
          <StackTrace>    at System.Data.EntityClient.EntityConnection.ChangeConnectionString(String newConnectionString)
   at System.Data.EntityClient.EntityConnection..ctor(String connectionString)
   at System.Data.Objects.ObjectContext.CreateEntityConnection(String connectionString)
   at System.Data.Objects.ObjectContext..ctor(String connectionString, String defaultContainerName)
   at Benchmarksystem.Model1Container..ctor() in C:\Users\Storgaard\Documents\Visual Studio 2010\Projects\Benchmarksystem\Benchmarksystem\Model1.Designer.cs:line 34
   at Benchmarksystem.DatabaseModule.SelectAllJobs(String user) in C:\Users\Storgaard\Documents\Visual Studio 2010\Projects\Benchmarksystem\Benchmarksystem\DatabaseModule.cs:line 31
   at BenchmarksystemTest.DatabaseModuleTest.TestSelectAllJobs() in C:\Users\Storgaard\Documents\Visual Studio 2010\Projects\Benchmarksystem\BenchmarksystemTest\DatabaseModuleTest.cs:line 19
</StackTrace>
        </ErrorInfo>
      </Output>
    </UnitTestResult>
    <UnitTestResult executionId="3cdb5d95-9196-4a74-b2f7-e992e467c250" testId="35464fd2-fc17-55f8-bfd3-42c06b04be3d" testName="TestRemove" computerName="STORGAARD-PC" duration="00:00:00.0019697" startTime="2012-10-23T13:55:04.5140902+02:00" endTime="2012-10-23T13:55:04.5310919+02:00" testType="13cdc9d9-ddb5-4fa4-a97d-d965ccfc6d4b" outcome="Passed" testListId="8c84fa94-04c1-424b-9868-57a2d4851a1d" relativeResultsDirectory="3cdb5d95-9196-4a74-b2f7-e992e467c250">
    </UnitTestResult>
    <UnitTestResult executionId="cd27d297-b9cc-496c-8b1b-566d2ac38389" testId="567cedf6-d1c3-e450-f042-1975452b20da" testName="TestPopJob" computerName="STORGAARD-PC" duration="00:00:00.0060470" startTime="2012-10-23T13:55:04.5330921+02:00" endTime="2012-10-23T13:55:04.5510939+02:00" testType="13cdc9d9-ddb5-4fa4-a97d-d965ccfc6d4b" outcome="Passed" testListId="8c84fa94-04c1-424b-9868-57a2d4851a1d" relativeResultsDirectory="cd27d297-b9cc-496c-8b1b-566d2ac38389">
    </UnitTestResult>
    <UnitTestResult executionId="b71ea423-3e34-4dd3-be79-9fd430d0c1bd" testId="5f40784a-16a3-593c-c356-b1d36e5bbc7f" testName="TestSubmit" computerName="STORGAARD-PC" duration="00:00:00.0061017" startTime="2012-10-23T13:55:04.5530941+02:00" endTime="2012-10-23T13:55:04.5660954+02:00" testType="13cdc9d9-ddb5-4fa4-a97d-d965ccfc6d4b" outcome="Passed" testListId="8c84fa94-04c1-424b-9868-57a2d4851a1d" relativeResultsDirectory="b71ea423-3e34-4dd3-be79-9fd430d0c1bd">
    </UnitTestResult>
    <UnitTestResult executionId="61fa749d-a482-40dd-b5fa-498efbf2e630" testId="6951b190-237e-9ae8-23bc-7b7f4c0257d3" testName="TestExecute" computerName="STORGAARD-PC" duration="00:00:00.0099483" startTime="2012-10-23T13:55:04.5710959+02:00" endTime="2012-10-23T13:55:04.5880976+02:00" testType="13cdc9d9-ddb5-4fa4-a97d-d965ccfc6d4b" outcome="Passed" testListId="8c84fa94-04c1-424b-9868-57a2d4851a1d" relativeResultsDirectory="61fa749d-a482-40dd-b5fa-498efbf2e630">
      <Output>
        <StdOut>running ID:  1 Job: 4 Free:26 Wait:0
   running ID:  2 Job: 4 Free:22 Wait:0
   running ID:  3 Job: 1 Free:21 Wait:0
   running ID:  4 Job: 6 Free:15 Wait:0</StdOut>
      </Output>
    </UnitTestResult>
    <UnitTestResult executionId="b931116c-5afd-4903-b14c-31425e7e2e06" testId="a4176c92-f7b1-fb4f-c035-d52489f193ab" testName="TestAddJob" computerName="STORGAARD-PC" duration="00:00:00.0059541" startTime="2012-10-23T13:55:04.5910979+02:00" endTime="2012-10-23T13:55:04.6030991+02:00" testType="13cdc9d9-ddb5-4fa4-a97d-d965ccfc6d4b" outcome="Passed" testListId="8c84fa94-04c1-424b-9868-57a2d4851a1d" relativeResultsDirectory="b931116c-5afd-4903-b14c-31425e7e2e06">
    </UnitTestResult>
    <UnitTestResult executionId="ced02ff9-d325-4fd4-abb3-5a6c4601295e" testId="b6032d0d-38ca-bc28-c8fd-d9c84c68e19f" testName="TestSelectJobStatuses" computerName="STORGAARD-PC" duration="00:00:00.0069497" startTime="2012-10-23T13:55:04.6060994+02:00" endTime="2012-10-23T13:55:04.6211009+02:00" testType="13cdc9d9-ddb5-4fa4-a97d-d965ccfc6d4b" outcome="Failed" testListId="8c84fa94-04c1-424b-9868-57a2d4851a1d" relativeResultsDirectory="ced02ff9-d325-4fd4-abb3-5a6c4601295e">
      <Output>
        <ErrorInfo>
          <Message>Test method BenchmarksystemTest.DatabaseModuleTest.TestSelectJobStatuses threw exception: 
System.ArgumentException: The specified named connection is either not found in the configuration, not intended to be used with the EntityClient provider, or not valid.</Message>
          <StackTrace>    at System.Data.EntityClient.EntityConnection.ChangeConnectionString(String newConnectionString)
   at System.Data.EntityClient.EntityConnection..ctor(String connectionString)
   at System.Data.Objects.ObjectContext.CreateEntityConnection(String connectionString)
   at System.Data.Objects.ObjectContext..ctor(String connectionString, String defaultContainerName)
   at Benchmarksystem.Model1Container..ctor() in C:\Users\Storgaard\Documents\Visual Studio 2010\Projects\Benchmarksystem\Benchmarksystem\Model1.Designer.cs:line 34
   at Benchmarksystem.DatabaseModule.SelectJobStatuses(DateTime fromDate, DateTime toDate) in C:\Users\Storgaard\Documents\Visual Studio 2010\Projects\Benchmarksystem\Benchmarksystem\DatabaseModule.cs:line 58
   at BenchmarksystemTest.DatabaseModuleTest.TestSelectJobStatuses() in C:\Users\Storgaard\Documents\Visual Studio 2010\Projects\Benchmarksystem\BenchmarksystemTest\DatabaseModuleTest.cs:line 47
</StackTrace>
        </ErrorInfo>
      </Output>
    </UnitTestResult>
    <UnitTestResult executionId="43c8ecfa-5093-45b7-9c3e-d7492e5e3d29" testId="c6a249ef-8f45-0797-90a6-d64839fd07aa" testName="TestRemoveJob" computerName="STORGAARD-PC" duration="00:00:00.0041904" startTime="2012-10-23T13:55:04.6231011+02:00" endTime="2012-10-23T13:55:04.6461034+02:00" testType="13cdc9d9-ddb5-4fa4-a97d-d965ccfc6d4b" outcome="Passed" testListId="8c84fa94-04c1-424b-9868-57a2d4851a1d" relativeResultsDirectory="43c8ecfa-5093-45b7-9c3e-d7492e5e3d29">
    </UnitTestResult>
    <UnitTestResult executionId="afe66bdc-9827-4ef3-8544-b80848a7452b" testId="e0d20fc8-8a55-76a1-f806-0e2a519b27f0" testName="TestSelectAllUsers" computerName="STORGAARD-PC" duration="00:00:00.0017384" startTime="2012-10-23T13:55:04.6521040+02:00" endTime="2012-10-23T13:55:04.6631051+02:00" testType="13cdc9d9-ddb5-4fa4-a97d-d965ccfc6d4b" outcome="Failed" testListId="8c84fa94-04c1-424b-9868-57a2d4851a1d" relativeResultsDirectory="afe66bdc-9827-4ef3-8544-b80848a7452b">
      <Output>
        <ErrorInfo>
          <Message>Test method BenchmarksystemTest.DatabaseModuleTest.TestSelectAllUsers threw exception: 
System.ArgumentException: The specified named connection is either not found in the configuration, not intended to be used with the EntityClient provider, or not valid.</Message>
          <StackTrace>    at System.Data.EntityClient.EntityConnection.ChangeConnectionString(String newConnectionString)
   at System.Data.EntityClient.EntityConnection..ctor(String connectionString)
   at System.Data.Objects.ObjectContext.CreateEntityConnection(String connectionString)
   at System.Data.Objects.ObjectContext..ctor(String connectionString, String defaultContainerName)
   at Benchmarksystem.Model1Container..ctor() in C:\Users\Storgaard\Documents\Visual Studio 2010\Projects\Benchmarksystem\Benchmarksystem\Model1.Designer.cs:line 34
   at Benchmarksystem.DatabaseModule.SelectAllUsers() in C:\Users\Storgaard\Documents\Visual Studio 2010\Projects\Benchmarksystem\Benchmarksystem\DatabaseModule.cs:line 23
   at BenchmarksystemTest.DatabaseModuleTest.TestSelectAllUsers() in C:\Users\Storgaard\Documents\Visual Studio 2010\Projects\Benchmarksystem\BenchmarksystemTest\DatabaseModuleTest.cs:line 13
</StackTrace>
        </ErrorInfo>
      </Output>
    </UnitTestResult>
    <UnitTestResult executionId="70fcc9ab-d0ab-40ec-a642-fd6a18f4a763" testId="ed6ae572-8ca8-ebfe-2aa4-c4d596c4d17c" testName="TestJob" computerName="STORGAARD-PC" duration="00:00:00.0048292" startTime="2012-10-23T13:55:04.6651053+02:00" endTime="2012-10-23T13:55:04.6831071+02:00" testType="13cdc9d9-ddb5-4fa4-a97d-d965ccfc6d4b" outcome="Passed" testListId="8c84fa94-04c1-424b-9868-57a2d4851a1d" relativeResultsDirectory="70fcc9ab-d0ab-40ec-a642-fd6a18f4a763">
    </UnitTestResult>
  </Results>
</TestRun>