<?xml version="1.0" encoding="UTF-8"?>
<TestRun id="b44daf68-e273-499d-8b74-a6dad1e65881" name="Storgaard@STORGAARD-PC 2012-10-23 13:54:48" runUser="Storgaard-Pc\Storgaard" xmlns="http://microsoft.com/schemas/VisualStudio/TeamTest/2010">
  <TestSettings name="Local" id="79ddcb4f-5f1e-4982-94cd-961ceef6e47a">
    <Description>These are default test settings for a local test run.</Description>
    <Deployment enabled="false" runDeploymentRoot="Storgaard_STORGAARD-PC 2012-10-23 13_54_48">
      <DeploymentItem filename="C:\Users\Storgaard\Documents\Visual Studio 2010\Projects\Benchmarksystem\Benchmarksystem\bin\Debug\Benchmarksystem.exe" />
    </Deployment>
    <Execution>
      <TestTypeSpecific />
      <AgentRule name="Execution Agents">
      </AgentRule>
    </Execution>
  </TestSettings>
  <Times creation="2012-10-23T13:54:48.9685358+02:00" queuing="2012-10-23T13:54:49.0015391+02:00" start="2012-10-23T13:54:49.2375627+02:00" finish="2012-10-23T13:54:49.7126102+02:00" />
  <ResultSummary outcome="Completed">
    <Counters total="1" executed="1" passed="1" error="0" failed="0" timeout="0" aborted="0" inconclusive="0" passedButRunAborted="0" notRunnable="0" notExecuted="0" disconnected="0" warning="0" completed="0" inProgress="0" pending="0" />
  </ResultSummary>
  <TestDefinitions>
    <UnitTest name="TestExecute" storage="c:\users\storgaard\documents\visual studio 2010\projects\benchmarksystem\benchmarksystemtest\bin\debug\benchmarksystemtest.dll" id="6951b190-237e-9ae8-23bc-7b7f4c0257d3">
      <Execution id="3ffce1f5-c2f3-4fc7-9689-9bf7ee6c7d38" />
      <TestMethod codeBase="C:/Users/Storgaard/Documents/Visual Studio 2010/Projects/Benchmarksystem/BenchmarksystemTest/bin/Debug/BenchmarksystemTest.DLL" adapterTypeName="Microsoft.VisualStudio.TestTools.TestTypes.Unit.UnitTestAdapter, Microsoft.VisualStudio.QualityTools.Tips.UnitTest.Adapter, Version=10.0.0.0, Culture=neutral, PublicKeyToken=b03f5f7f11d50a3a" className="BenchmarksystemTest.BenchmarkSystemTest, BenchmarksystemTest, Version=1.0.0.0, Culture=neutral, PublicKeyToken=null" name="TestExecute" />
    </UnitTest>
  </TestDefinitions>
  <TestLists>
    <TestList name="Results Not in a List" id="8c84fa94-04c1-424b-9868-57a2d4851a1d" />
    <TestList name="All Loaded Results" id="19431567-8539-422a-85d7-44ee4e166bda" />
  </TestLists>
  <TestEntries>
    <TestEntry testId="6951b190-237e-9ae8-23bc-7b7f4c0257d3" executionId="3ffce1f5-c2f3-4fc7-9689-9bf7ee6c7d38" testListId="8c84fa94-04c1-424b-9868-57a2d4851a1d" />
  </TestEntries>
  <Results>
    <UnitTestResult executionId="3ffce1f5-c2f3-4fc7-9689-9bf7ee6c7d38" testId="6951b190-237e-9ae8-23bc-7b7f4c0257d3" testName="TestExecute" computerName="STORGAARD-PC" duration="00:00:00.0268041" startTime="2012-10-23T13:54:49.3945784+02:00" endTime="2012-10-23T13:54:49.6126002+02:00" testType="13cdc9d9-ddb5-4fa4-a97d-d965ccfc6d4b" outcome="Passed" testListId="8c84fa94-04c1-424b-9868-57a2d4851a1d" relativeResultsDirectory="3ffce1f5-c2f3-4fc7-9689-9bf7ee6c7d38">
      <Output>
        <StdOut>running ID:  1 Job: 4 Free:26 Wait:0
   running ID:  2 Job: 4 Free:22 Wait:0
   running ID:  3 Job: 1 Free:21 Wait:0
   running ID:  4 Job: 6 Free:15 Wait:0</StdOut>
      </Output>
    </UnitTestResult>
  </Results>
</TestRun>