<?xml version="1.0" encoding="UTF-8"?>
<TestRun id="75fc7d66-9102-4412-a6ab-6faa97d6bdb4" name="Storgaard@STORGAARD-PC 2012-10-09 13:13:37" runUser="Storgaard-Pc\Storgaard" xmlns="http://microsoft.com/schemas/VisualStudio/TeamTest/2010">
  <TestSettings name="Local" id="a6158032-52c6-474d-b2e6-9b7cfd97360f">
    <Description>These are default test settings for a local test run.</Description>
    <Deployment enabled="false" runDeploymentRoot="Storgaard_STORGAARD-PC 2012-10-09 13_13_37">
      <DeploymentItem filename="C:\Users\Storgaard\documents\visual studio 2010\Projects\Benchmark\Benchmark\bin\Debug\Benchmark.exe" />
    </Deployment>
    <Execution>
      <TestTypeSpecific />
      <AgentRule name="Execution Agents">
      </AgentRule>
    </Execution>
  </TestSettings>
  <Times creation="2012-10-09T13:13:37.8457711+02:00" queuing="2012-10-09T13:13:37.8597719+02:00" start="2012-10-09T13:13:37.8777729+02:00" finish="2012-10-09T13:13:38.7048202+02:00" />
  <ResultSummary outcome="Failed">
    <Counters total="8" executed="8" passed="5" error="0" failed="3" timeout="0" aborted="0" inconclusive="0" passedButRunAborted="0" notRunnable="0" notExecuted="0" disconnected="0" warning="0" completed="0" inProgress="0" pending="0" />
  </ResultSummary>
  <TestDefinitions>
    <UnitTest name="TestRemoveJob" storage="c:\users\storgaard\documents\visual studio 2010\projects\benchmark\benchmarktest\bin\debug\benchmarktest.dll" id="75ac6a0d-f1a6-2b4f-2070-9f01ded38f1b">
      <Execution id="5078aa0d-3898-4828-a522-5434c39fc503" />
      <TestMethod codeBase="C:/Users/Storgaard/documents/visual studio 2010/Projects/Benchmark/BenchmarkTest/bin/Debug/BenchmarkTest.DLL" adapterTypeName="Microsoft.VisualStudio.TestTools.TestTypes.Unit.UnitTestAdapter, Microsoft.VisualStudio.QualityTools.Tips.UnitTest.Adapter, Version=10.0.0.0, Culture=neutral, PublicKeyToken=b03f5f7f11d50a3a" className="BenchmarkTest.SchedulerTest, BenchmarkTest, Version=1.0.0.0, Culture=neutral, PublicKeyToken=null" name="TestRemoveJob" />
    </UnitTest>
    <UnitTest name="TestJob" storage="c:\users\storgaard\documents\visual studio 2010\projects\benchmark\benchmarktest\bin\debug\benchmarktest.dll" id="bf551a33-7359-47a9-ebf2-c3a151930df8">
      <Execution id="81a332bd-33d4-402c-8eb7-ed2b55a50ee1" />
      <TestMethod codeBase="C:/Users/Storgaard/documents/visual studio 2010/Projects/Benchmark/BenchmarkTest/bin/Debug/BenchmarkTest.DLL" adapterTypeName="Microsoft.VisualStudio.TestTools.TestTypes.Unit.UnitTestAdapter, Microsoft.VisualStudio.QualityTools.Tips.UnitTest.Adapter, Version=10.0.0.0, Culture=neutral, PublicKeyToken=b03f5f7f11d50a3a" className="BenchmarkTest.JobTest, BenchmarkTest, Version=1.0.0.0, Culture=neutral, PublicKeyToken=null" name="TestJob" />
    </UnitTest>
    <UnitTest name="TestRemove" storage="c:\users\storgaard\documents\visual studio 2010\projects\benchmark\benchmarktest\bin\debug\benchmarktest.dll" id="34a00844-71d7-cc5b-a7b9-72b02a03b3e0">
      <Execution id="62ce995d-bfdf-43f5-80d4-e89889152669" />
      <TestMethod codeBase="C:/Users/Storgaard/documents/visual studio 2010/Projects/Benchmark/BenchmarkTest/bin/Debug/BenchmarkTest.DLL" adapterTypeName="Microsoft.VisualStudio.TestTools.TestTypes.Unit.UnitTestAdapter, Microsoft.VisualStudio.QualityTools.Tips.UnitTest.Adapter, Version=10.0.0.0, Culture=neutral, PublicKeyToken=b03f5f7f11d50a3a" className="BenchmarkTest.QueueExtensionsTest, BenchmarkTest, Version=1.0.0.0, Culture=neutral, PublicKeyToken=null" name="TestRemove" />
    </UnitTest>
    <UnitTest name="TestExecuteAll" storage="c:\users\storgaard\documents\visual studio 2010\projects\benchmark\benchmarktest\bin\debug\benchmarktest.dll" id="7cb48fb4-619f-7f82-6085-e5841b4b528c">
      <Execution id="2de8d4ce-9db3-4a6d-825d-0082996cd6b8" />
      <TestMethod codeBase="C:/Users/Storgaard/documents/visual studio 2010/Projects/Benchmark/BenchmarkTest/bin/Debug/BenchmarkTest.DLL" adapterTypeName="Microsoft.VisualStudio.TestTools.TestTypes.Unit.UnitTestAdapter, Microsoft.VisualStudio.QualityTools.Tips.UnitTest.Adapter, Version=10.0.0.0, Culture=neutral, PublicKeyToken=b03f5f7f11d50a3a" className="BenchmarkTest.BenchmarkSystemTest, BenchmarkTest, Version=1.0.0.0, Culture=neutral, PublicKeyToken=null" name="TestExecuteAll" />
    </UnitTest>
    <UnitTest name="TestPopJob" storage="c:\users\storgaard\documents\visual studio 2010\projects\benchmark\benchmarktest\bin\debug\benchmarktest.dll" id="9e394168-dfe8-459a-d3ea-9789da9a2096">
      <Execution id="6b39dd9c-5dc0-40c6-ba1f-7dc4bf17968e" />
      <TestMethod codeBase="C:/Users/Storgaard/documents/visual studio 2010/Projects/Benchmark/BenchmarkTest/bin/Debug/BenchmarkTest.DLL" adapterTypeName="Microsoft.VisualStudio.TestTools.TestTypes.Unit.UnitTestAdapter, Microsoft.VisualStudio.QualityTools.Tips.UnitTest.Adapter, Version=10.0.0.0, Culture=neutral, PublicKeyToken=b03f5f7f11d50a3a" className="BenchmarkTest.SchedulerTest, BenchmarkTest, Version=1.0.0.0, Culture=neutral, PublicKeyToken=null" name="TestPopJob" />
    </UnitTest>
    <UnitTest name="TestCancel" storage="c:\users\storgaard\documents\visual studio 2010\projects\benchmark\benchmarktest\bin\debug\benchmarktest.dll" id="4acb9931-47c3-4a22-bac7-c4d4309e5cf3">
      <Execution id="3c496293-e994-4255-bdc9-60aa5466780b" />
      <TestMethod codeBase="C:/Users/Storgaard/documents/visual studio 2010/Projects/Benchmark/BenchmarkTest/bin/Debug/BenchmarkTest.DLL" adapterTypeName="Microsoft.VisualStudio.TestTools.TestTypes.Unit.UnitTestAdapter, Microsoft.VisualStudio.QualityTools.Tips.UnitTest.Adapter, Version=10.0.0.0, Culture=neutral, PublicKeyToken=b03f5f7f11d50a3a" className="BenchmarkTest.BenchmarkSystemTest, BenchmarkTest, Version=1.0.0.0, Culture=neutral, PublicKeyToken=null" name="TestCancel" />
    </UnitTest>
    <UnitTest name="TestSubmit" storage="c:\users\storgaard\documents\visual studio 2010\projects\benchmark\benchmarktest\bin\debug\benchmarktest.dll" id="51c569f2-c5c7-a7db-6ab7-4c5a13cf904a">
      <Execution id="768fe381-56e7-429a-9844-8abb0c8b8d0a" />
      <TestMethod codeBase="C:/Users/Storgaard/documents/visual studio 2010/Projects/Benchmark/BenchmarkTest/bin/Debug/BenchmarkTest.DLL" adapterTypeName="Microsoft.VisualStudio.TestTools.TestTypes.Unit.UnitTestAdapter, Microsoft.VisualStudio.QualityTools.Tips.UnitTest.Adapter, Version=10.0.0.0, Culture=neutral, PublicKeyToken=b03f5f7f11d50a3a" className="BenchmarkTest.BenchmarkSystemTest, BenchmarkTest, Version=1.0.0.0, Culture=neutral, PublicKeyToken=null" name="TestSubmit" />
    </UnitTest>
    <UnitTest name="TestAddJob" storage="c:\users\storgaard\documents\visual studio 2010\projects\benchmark\benchmarktest\bin\debug\benchmarktest.dll" id="d2ff0831-dd7b-3ea1-ba81-650fd9435b59">
      <Execution id="b6211894-0bcb-4b86-92cd-e3ecde81f444" />
      <TestMethod codeBase="C:/Users/Storgaard/documents/visual studio 2010/Projects/Benchmark/BenchmarkTest/bin/Debug/BenchmarkTest.DLL" adapterTypeName="Microsoft.VisualStudio.TestTools.TestTypes.Unit.UnitTestAdapter, Microsoft.VisualStudio.QualityTools.Tips.UnitTest.Adapter, Version=10.0.0.0, Culture=neutral, PublicKeyToken=b03f5f7f11d50a3a" className="BenchmarkTest.SchedulerTest, BenchmarkTest, Version=1.0.0.0, Culture=neutral, PublicKeyToken=null" name="TestAddJob" />
    </UnitTest>
  </TestDefinitions>
  <TestLists>
    <TestList name="Results Not in a List" id="8c84fa94-04c1-424b-9868-57a2d4851a1d" />
    <TestList name="All Loaded Results" id="19431567-8539-422a-85d7-44ee4e166bda" />
  </TestLists>
  <TestEntries>
    <TestEntry testId="34a00844-71d7-cc5b-a7b9-72b02a03b3e0" executionId="62ce995d-bfdf-43f5-80d4-e89889152669" testListId="8c84fa94-04c1-424b-9868-57a2d4851a1d" />
    <TestEntry testId="4acb9931-47c3-4a22-bac7-c4d4309e5cf3" executionId="3c496293-e994-4255-bdc9-60aa5466780b" testListId="8c84fa94-04c1-424b-9868-57a2d4851a1d" />
    <TestEntry testId="51c569f2-c5c7-a7db-6ab7-4c5a13cf904a" executionId="768fe381-56e7-429a-9844-8abb0c8b8d0a" testListId="8c84fa94-04c1-424b-9868-57a2d4851a1d" />
    <TestEntry testId="75ac6a0d-f1a6-2b4f-2070-9f01ded38f1b" executionId="5078aa0d-3898-4828-a522-5434c39fc503" testListId="8c84fa94-04c1-424b-9868-57a2d4851a1d" />
    <TestEntry testId="7cb48fb4-619f-7f82-6085-e5841b4b528c" executionId="2de8d4ce-9db3-4a6d-825d-0082996cd6b8" testListId="8c84fa94-04c1-424b-9868-57a2d4851a1d" />
    <TestEntry testId="9e394168-dfe8-459a-d3ea-9789da9a2096" executionId="6b39dd9c-5dc0-40c6-ba1f-7dc4bf17968e" testListId="8c84fa94-04c1-424b-9868-57a2d4851a1d" />
    <TestEntry testId="bf551a33-7359-47a9-ebf2-c3a151930df8" executionId="81a332bd-33d4-402c-8eb7-ed2b55a50ee1" testListId="8c84fa94-04c1-424b-9868-57a2d4851a1d" />
    <TestEntry testId="d2ff0831-dd7b-3ea1-ba81-650fd9435b59" executionId="b6211894-0bcb-4b86-92cd-e3ecde81f444" testListId="8c84fa94-04c1-424b-9868-57a2d4851a1d" />
  </TestEntries>
  <Results>
    <UnitTestResult executionId="62ce995d-bfdf-43f5-80d4-e89889152669" testId="34a00844-71d7-cc5b-a7b9-72b02a03b3e0" testName="TestRemove" computerName="STORGAARD-PC" duration="00:00:00.0168191" startTime="2012-10-09T13:13:37.8797730+02:00" endTime="2012-10-09T13:13:38.0807845+02:00" testType="13cdc9d9-ddb5-4fa4-a97d-d965ccfc6d4b" outcome="Passed" testListId="8c84fa94-04c1-424b-9868-57a2d4851a1d" relativeResultsDirectory="62ce995d-bfdf-43f5-80d4-e89889152669">
    </UnitTestResult>
    <UnitTestResult executionId="3c496293-e994-4255-bdc9-60aa5466780b" testId="4acb9931-47c3-4a22-bac7-c4d4309e5cf3" testName="TestCancel" computerName="STORGAARD-PC" duration="00:00:00.0315107" startTime="2012-10-09T13:13:38.0817846+02:00" endTime="2012-10-09T13:13:38.1187867+02:00" testType="13cdc9d9-ddb5-4fa4-a97d-d965ccfc6d4b" outcome="Failed" testListId="8c84fa94-04c1-424b-9868-57a2d4851a1d" relativeResultsDirectory="3c496293-e994-4255-bdc9-60aa5466780b">
      <Output>
        <ErrorInfo>
          <Message>Test method BenchmarkTest.BenchmarkSystemTest.TestCancel threw exception: 
System.ArgumentException: The specified named connection is either not found in the configuration, not intended to be used with the EntityClient provider, or not valid.</Message>
          <StackTrace>    at System.Data.EntityClient.EntityConnection.ChangeConnectionString(String newConnectionString)
   at System.Data.EntityClient.EntityConnection..ctor(String connectionString)
   at System.Data.Objects.ObjectContext.CreateEntityConnection(String connectionString)
   at System.Data.Objects.ObjectContext..ctor(String connectionString, String defaultContainerName)
   at Benchmark.Model1Container..ctor() in C:\Users\Storgaard\documents\visual studio 2010\Projects\Benchmark\Benchmark\Model1.Designer.cs:line 34
   at Benchmark.DatabaseModule.LogAction(Job job, String action) in C:\Users\Storgaard\documents\visual studio 2010\Projects\Benchmark\Benchmark\DatabaseModule.cs:line 10
   at Benchmark.BenchmarkSystem.Submit(Job job) in C:\Users\Storgaard\documents\visual studio 2010\Projects\Benchmark\Benchmark\BenchmarkSystem.cs:line 18
   at BenchmarkTest.BenchmarkSystemTest.TestCancel() in C:\Users\Storgaard\documents\visual studio 2010\Projects\Benchmark\BenchmarkTest\BenchmarkSystemTest.cs:line 80
</StackTrace>
        </ErrorInfo>
      </Output>
    </UnitTestResult>
    <UnitTestResult executionId="768fe381-56e7-429a-9844-8abb0c8b8d0a" testId="51c569f2-c5c7-a7db-6ab7-4c5a13cf904a" testName="TestSubmit" computerName="STORGAARD-PC" duration="00:00:00.0067799" startTime="2012-10-09T13:13:38.1267872+02:00" endTime="2012-10-09T13:13:38.1397879+02:00" testType="13cdc9d9-ddb5-4fa4-a97d-d965ccfc6d4b" outcome="Failed" testListId="8c84fa94-04c1-424b-9868-57a2d4851a1d" relativeResultsDirectory="768fe381-56e7-429a-9844-8abb0c8b8d0a">
      <Output>
        <ErrorInfo>
          <Message>Test method BenchmarkTest.BenchmarkSystemTest.TestSubmit threw exception: 
System.ArgumentException: The specified named connection is either not found in the configuration, not intended to be used with the EntityClient provider, or not valid.</Message>
          <StackTrace>    at System.Data.EntityClient.EntityConnection.ChangeConnectionString(String newConnectionString)
   at System.Data.EntityClient.EntityConnection..ctor(String connectionString)
   at System.Data.Objects.ObjectContext.CreateEntityConnection(String connectionString)
   at System.Data.Objects.ObjectContext..ctor(String connectionString, String defaultContainerName)
   at Benchmark.Model1Container..ctor() in C:\Users\Storgaard\documents\visual studio 2010\Projects\Benchmark\Benchmark\Model1.Designer.cs:line 34
   at Benchmark.DatabaseModule.LogAction(Job job, String action) in C:\Users\Storgaard\documents\visual studio 2010\Projects\Benchmark\Benchmark\DatabaseModule.cs:line 10
   at Benchmark.BenchmarkSystem.Submit(Job job) in C:\Users\Storgaard\documents\visual studio 2010\Projects\Benchmark\Benchmark\BenchmarkSystem.cs:line 18
   at BenchmarkTest.BenchmarkSystemTest.TestSubmit() in C:\Users\Storgaard\documents\visual studio 2010\Projects\Benchmark\BenchmarkTest\BenchmarkSystemTest.cs:line 60
</StackTrace>
        </ErrorInfo>
      </Output>
    </UnitTestResult>
    <UnitTestResult executionId="5078aa0d-3898-4828-a522-5434c39fc503" testId="75ac6a0d-f1a6-2b4f-2070-9f01ded38f1b" testName="TestRemoveJob" computerName="STORGAARD-PC" duration="00:00:00.0039627" startTime="2012-10-09T13:13:38.1407880+02:00" endTime="2012-10-09T13:13:38.1497885+02:00" testType="13cdc9d9-ddb5-4fa4-a97d-d965ccfc6d4b" outcome="Passed" testListId="8c84fa94-04c1-424b-9868-57a2d4851a1d" relativeResultsDirectory="5078aa0d-3898-4828-a522-5434c39fc503">
    </UnitTestResult>
    <UnitTestResult executionId="2de8d4ce-9db3-4a6d-825d-0082996cd6b8" testId="7cb48fb4-619f-7f82-6085-e5841b4b528c" testName="TestExecuteAll" computerName="STORGAARD-PC" duration="00:00:00.0050108" startTime="2012-10-09T13:13:38.1517886+02:00" endTime="2012-10-09T13:13:38.1607891+02:00" testType="13cdc9d9-ddb5-4fa4-a97d-d965ccfc6d4b" outcome="Failed" testListId="8c84fa94-04c1-424b-9868-57a2d4851a1d" relativeResultsDirectory="2de8d4ce-9db3-4a6d-825d-0082996cd6b8">
      <Output>
        <ErrorInfo>
          <Message>Test method BenchmarkTest.BenchmarkSystemTest.TestExecuteAll threw exception: 
System.ArgumentException: The specified named connection is either not found in the configuration, not intended to be used with the EntityClient provider, or not valid.</Message>
          <StackTrace>    at System.Data.EntityClient.EntityConnection.ChangeConnectionString(String newConnectionString)
   at System.Data.EntityClient.EntityConnection..ctor(String connectionString)
   at System.Data.Objects.ObjectContext.CreateEntityConnection(String connectionString)
   at System.Data.Objects.ObjectContext..ctor(String connectionString, String defaultContainerName)
   at Benchmark.Model1Container..ctor() in C:\Users\Storgaard\documents\visual studio 2010\Projects\Benchmark\Benchmark\Model1.Designer.cs:line 34
   at Benchmark.DatabaseModule.LogAction(Job job, String action) in C:\Users\Storgaard\documents\visual studio 2010\Projects\Benchmark\Benchmark\DatabaseModule.cs:line 10
   at Benchmark.BenchmarkSystem.Submit(Job job) in C:\Users\Storgaard\documents\visual studio 2010\Projects\Benchmark\Benchmark\BenchmarkSystem.cs:line 18
   at BenchmarkTest.BenchmarkSystemTest.TestExecuteAll() in C:\Users\Storgaard\documents\visual studio 2010\Projects\Benchmark\BenchmarkTest\BenchmarkSystemTest.cs:line 101
</StackTrace>
        </ErrorInfo>
      </Output>
    </UnitTestResult>
    <UnitTestResult executionId="6b39dd9c-5dc0-40c6-ba1f-7dc4bf17968e" testId="9e394168-dfe8-459a-d3ea-9789da9a2096" testName="TestPopJob" computerName="STORGAARD-PC" duration="00:00:00.0038627" startTime="2012-10-09T13:13:38.1617892+02:00" endTime="2012-10-09T13:13:38.1697896+02:00" testType="13cdc9d9-ddb5-4fa4-a97d-d965ccfc6d4b" outcome="Passed" testListId="8c84fa94-04c1-424b-9868-57a2d4851a1d" relativeResultsDirectory="6b39dd9c-5dc0-40c6-ba1f-7dc4bf17968e">
    </UnitTestResult>
    <UnitTestResult executionId="81a332bd-33d4-402c-8eb7-ed2b55a50ee1" testId="bf551a33-7359-47a9-ebf2-c3a151930df8" testName="TestJob" computerName="STORGAARD-PC" duration="00:00:00.0035905" startTime="2012-10-09T13:13:38.1707897+02:00" endTime="2012-10-09T13:13:38.1787902+02:00" testType="13cdc9d9-ddb5-4fa4-a97d-d965ccfc6d4b" outcome="Passed" testListId="8c84fa94-04c1-424b-9868-57a2d4851a1d" relativeResultsDirectory="81a332bd-33d4-402c-8eb7-ed2b55a50ee1">
    </UnitTestResult>
    <UnitTestResult executionId="b6211894-0bcb-4b86-92cd-e3ecde81f444" testId="d2ff0831-dd7b-3ea1-ba81-650fd9435b59" testName="TestAddJob" computerName="STORGAARD-PC" duration="00:00:00.0029785" startTime="2012-10-09T13:13:38.1797902+02:00" endTime="2012-10-09T13:13:38.1877907+02:00" testType="13cdc9d9-ddb5-4fa4-a97d-d965ccfc6d4b" outcome="Passed" testListId="8c84fa94-04c1-424b-9868-57a2d4851a1d" relativeResultsDirectory="b6211894-0bcb-4b86-92cd-e3ecde81f444">
    </UnitTestResult>
  </Results>
</TestRun>