<?xml version="1.0" encoding="UTF-8"?>
<TestRun id="16f53989-d4c4-44df-833f-446aed9062f6" name="Storgaard@STORGAARD-PC 2012-10-09 13:12:01" runUser="Storgaard-Pc\Storgaard" xmlns="http://microsoft.com/schemas/VisualStudio/TeamTest/2010">
  <TestSettings name="Local" id="a6158032-52c6-474d-b2e6-9b7cfd97360f">
    <Description>These are default test settings for a local test run.</Description>
    <Deployment enabled="false" runDeploymentRoot="Storgaard_STORGAARD-PC 2012-10-09 13_12_01">
      <DeploymentItem filename="C:\Users\Storgaard\documents\visual studio 2010\Projects\Benchmark\Benchmark\bin\Debug\Benchmark.exe" />
    </Deployment>
    <Execution>
      <TestTypeSpecific />
      <AgentRule name="Execution Agents">
      </AgentRule>
    </Execution>
  </TestSettings>
  <Times creation="2012-10-09T13:12:01.8682815+02:00" queuing="2012-10-09T13:12:01.8832824+02:00" start="2012-10-09T13:12:01.8932829+02:00" finish="2012-10-09T13:12:02.2323023+02:00" />
  <ResultSummary outcome="Failed">
    <Counters total="8" executed="8" passed="3" error="0" failed="5" timeout="0" aborted="0" inconclusive="0" passedButRunAborted="0" notRunnable="0" notExecuted="0" disconnected="0" warning="0" completed="0" inProgress="0" pending="0" />
  </ResultSummary>
  <TestDefinitions>
    <UnitTest name="TestRemoveJob" storage="c:\users\storgaard\documents\visual studio 2010\projects\benchmark\benchmarktest\bin\debug\benchmarktest.dll" id="75ac6a0d-f1a6-2b4f-2070-9f01ded38f1b">
      <Execution id="20b3f8c4-69aa-4a74-a16f-12ce3716e4f1" />
      <TestMethod codeBase="C:/Users/Storgaard/documents/visual studio 2010/Projects/Benchmark/BenchmarkTest/bin/Debug/BenchmarkTest.DLL" adapterTypeName="Microsoft.VisualStudio.TestTools.TestTypes.Unit.UnitTestAdapter, Microsoft.VisualStudio.QualityTools.Tips.UnitTest.Adapter, Version=10.0.0.0, Culture=neutral, PublicKeyToken=b03f5f7f11d50a3a" className="BenchmarkTest.SchedulerTest, BenchmarkTest, Version=1.0.0.0, Culture=neutral, PublicKeyToken=null" name="TestRemoveJob" />
    </UnitTest>
    <UnitTest name="TestJob" storage="c:\users\storgaard\documents\visual studio 2010\projects\benchmark\benchmarktest\bin\debug\benchmarktest.dll" id="bf551a33-7359-47a9-ebf2-c3a151930df8">
      <Execution id="c4a86073-5ba2-4d2e-9a43-5bb7ba2ead39" />
      <TestMethod codeBase="C:/Users/Storgaard/documents/visual studio 2010/Projects/Benchmark/BenchmarkTest/bin/Debug/BenchmarkTest.DLL" adapterTypeName="Microsoft.VisualStudio.TestTools.TestTypes.Unit.UnitTestAdapter, Microsoft.VisualStudio.QualityTools.Tips.UnitTest.Adapter, Version=10.0.0.0, Culture=neutral, PublicKeyToken=b03f5f7f11d50a3a" className="BenchmarkTest.JobTest, BenchmarkTest, Version=1.0.0.0, Culture=neutral, PublicKeyToken=null" name="TestJob" />
    </UnitTest>
    <UnitTest name="TestRemove" storage="c:\users\storgaard\documents\visual studio 2010\projects\benchmark\benchmarktest\bin\debug\benchmarktest.dll" id="34a00844-71d7-cc5b-a7b9-72b02a03b3e0">
      <Execution id="8650c164-e4f2-496a-b003-31e6b45a4fdc" />
      <TestMethod codeBase="C:/Users/Storgaard/documents/visual studio 2010/Projects/Benchmark/BenchmarkTest/bin/Debug/BenchmarkTest.DLL" adapterTypeName="Microsoft.VisualStudio.TestTools.TestTypes.Unit.UnitTestAdapter, Microsoft.VisualStudio.QualityTools.Tips.UnitTest.Adapter, Version=10.0.0.0, Culture=neutral, PublicKeyToken=b03f5f7f11d50a3a" className="BenchmarkTest.QueueExtensionsTest, BenchmarkTest, Version=1.0.0.0, Culture=neutral, PublicKeyToken=null" name="TestRemove" />
    </UnitTest>
    <UnitTest name="TestExecuteAll" storage="c:\users\storgaard\documents\visual studio 2010\projects\benchmark\benchmarktest\bin\debug\benchmarktest.dll" id="7cb48fb4-619f-7f82-6085-e5841b4b528c">
      <Execution id="2b21701d-c1ea-4f91-af98-c3a1be861b6d" />
      <TestMethod codeBase="C:/Users/Storgaard/documents/visual studio 2010/Projects/Benchmark/BenchmarkTest/bin/Debug/BenchmarkTest.DLL" adapterTypeName="Microsoft.VisualStudio.TestTools.TestTypes.Unit.UnitTestAdapter, Microsoft.VisualStudio.QualityTools.Tips.UnitTest.Adapter, Version=10.0.0.0, Culture=neutral, PublicKeyToken=b03f5f7f11d50a3a" className="BenchmarkTest.BenchmarkSystemTest, BenchmarkTest, Version=1.0.0.0, Culture=neutral, PublicKeyToken=null" name="TestExecuteAll" />
    </UnitTest>
    <UnitTest name="TestPopJob" storage="c:\users\storgaard\documents\visual studio 2010\projects\benchmark\benchmarktest\bin\debug\benchmarktest.dll" id="9e394168-dfe8-459a-d3ea-9789da9a2096">
      <Execution id="5fb617db-3b23-48f6-8e47-b1e930f97349" />
      <TestMethod codeBase="C:/Users/Storgaard/documents/visual studio 2010/Projects/Benchmark/BenchmarkTest/bin/Debug/BenchmarkTest.DLL" adapterTypeName="Microsoft.VisualStudio.TestTools.TestTypes.Unit.UnitTestAdapter, Microsoft.VisualStudio.QualityTools.Tips.UnitTest.Adapter, Version=10.0.0.0, Culture=neutral, PublicKeyToken=b03f5f7f11d50a3a" className="BenchmarkTest.SchedulerTest, BenchmarkTest, Version=1.0.0.0, Culture=neutral, PublicKeyToken=null" name="TestPopJob" />
    </UnitTest>
    <UnitTest name="TestCancel" storage="c:\users\storgaard\documents\visual studio 2010\projects\benchmark\benchmarktest\bin\debug\benchmarktest.dll" id="4acb9931-47c3-4a22-bac7-c4d4309e5cf3">
      <Execution id="721d1493-2473-47a4-80af-ba30f24466f9" />
      <TestMethod codeBase="C:/Users/Storgaard/documents/visual studio 2010/Projects/Benchmark/BenchmarkTest/bin/Debug/BenchmarkTest.DLL" adapterTypeName="Microsoft.VisualStudio.TestTools.TestTypes.Unit.UnitTestAdapter, Microsoft.VisualStudio.QualityTools.Tips.UnitTest.Adapter, Version=10.0.0.0, Culture=neutral, PublicKeyToken=b03f5f7f11d50a3a" className="BenchmarkTest.BenchmarkSystemTest, BenchmarkTest, Version=1.0.0.0, Culture=neutral, PublicKeyToken=null" name="TestCancel" />
    </UnitTest>
    <UnitTest name="TestSubmit" storage="c:\users\storgaard\documents\visual studio 2010\projects\benchmark\benchmarktest\bin\debug\benchmarktest.dll" id="51c569f2-c5c7-a7db-6ab7-4c5a13cf904a">
      <Execution id="66de7c35-b1d7-4009-bd69-4d75c20bbfe5" />
      <TestMethod codeBase="C:/Users/Storgaard/documents/visual studio 2010/Projects/Benchmark/BenchmarkTest/bin/Debug/BenchmarkTest.DLL" adapterTypeName="Microsoft.VisualStudio.TestTools.TestTypes.Unit.UnitTestAdapter, Microsoft.VisualStudio.QualityTools.Tips.UnitTest.Adapter, Version=10.0.0.0, Culture=neutral, PublicKeyToken=b03f5f7f11d50a3a" className="BenchmarkTest.BenchmarkSystemTest, BenchmarkTest, Version=1.0.0.0, Culture=neutral, PublicKeyToken=null" name="TestSubmit" />
    </UnitTest>
    <UnitTest name="TestAddJob" storage="c:\users\storgaard\documents\visual studio 2010\projects\benchmark\benchmarktest\bin\debug\benchmarktest.dll" id="d2ff0831-dd7b-3ea1-ba81-650fd9435b59">
      <Execution id="85758d75-337e-4480-9ddd-ca85d947d497" />
      <TestMethod codeBase="C:/Users/Storgaard/documents/visual studio 2010/Projects/Benchmark/BenchmarkTest/bin/Debug/BenchmarkTest.DLL" adapterTypeName="Microsoft.VisualStudio.TestTools.TestTypes.Unit.UnitTestAdapter, Microsoft.VisualStudio.QualityTools.Tips.UnitTest.Adapter, Version=10.0.0.0, Culture=neutral, PublicKeyToken=b03f5f7f11d50a3a" className="BenchmarkTest.SchedulerTest, BenchmarkTest, Version=1.0.0.0, Culture=neutral, PublicKeyToken=null" name="TestAddJob" />
    </UnitTest>
  </TestDefinitions>
  <TestLists>
    <TestList name="Results Not in a List" id="8c84fa94-04c1-424b-9868-57a2d4851a1d" />
    <TestList name="All Loaded Results" id="19431567-8539-422a-85d7-44ee4e166bda" />
  </TestLists>
  <TestEntries>
    <TestEntry testId="34a00844-71d7-cc5b-a7b9-72b02a03b3e0" executionId="8650c164-e4f2-496a-b003-31e6b45a4fdc" testListId="8c84fa94-04c1-424b-9868-57a2d4851a1d" />
    <TestEntry testId="4acb9931-47c3-4a22-bac7-c4d4309e5cf3" executionId="721d1493-2473-47a4-80af-ba30f24466f9" testListId="8c84fa94-04c1-424b-9868-57a2d4851a1d" />
    <TestEntry testId="51c569f2-c5c7-a7db-6ab7-4c5a13cf904a" executionId="66de7c35-b1d7-4009-bd69-4d75c20bbfe5" testListId="8c84fa94-04c1-424b-9868-57a2d4851a1d" />
    <TestEntry testId="75ac6a0d-f1a6-2b4f-2070-9f01ded38f1b" executionId="20b3f8c4-69aa-4a74-a16f-12ce3716e4f1" testListId="8c84fa94-04c1-424b-9868-57a2d4851a1d" />
    <TestEntry testId="7cb48fb4-619f-7f82-6085-e5841b4b528c" executionId="2b21701d-c1ea-4f91-af98-c3a1be861b6d" testListId="8c84fa94-04c1-424b-9868-57a2d4851a1d" />
    <TestEntry testId="9e394168-dfe8-459a-d3ea-9789da9a2096" executionId="5fb617db-3b23-48f6-8e47-b1e930f97349" testListId="8c84fa94-04c1-424b-9868-57a2d4851a1d" />
    <TestEntry testId="bf551a33-7359-47a9-ebf2-c3a151930df8" executionId="c4a86073-5ba2-4d2e-9a43-5bb7ba2ead39" testListId="8c84fa94-04c1-424b-9868-57a2d4851a1d" />
    <TestEntry testId="d2ff0831-dd7b-3ea1-ba81-650fd9435b59" executionId="85758d75-337e-4480-9ddd-ca85d947d497" testListId="8c84fa94-04c1-424b-9868-57a2d4851a1d" />
  </TestEntries>
  <Results>
    <UnitTestResult executionId="8650c164-e4f2-496a-b003-31e6b45a4fdc" testId="34a00844-71d7-cc5b-a7b9-72b02a03b3e0" testName="TestRemove" computerName="STORGAARD-PC" duration="00:00:00.0156614" startTime="2012-10-09T13:12:01.8962831+02:00" endTime="2012-10-09T13:12:02.1052951+02:00" testType="13cdc9d9-ddb5-4fa4-a97d-d965ccfc6d4b" outcome="Passed" testListId="8c84fa94-04c1-424b-9868-57a2d4851a1d" relativeResultsDirectory="8650c164-e4f2-496a-b003-31e6b45a4fdc">
    </UnitTestResult>
    <UnitTestResult executionId="721d1493-2473-47a4-80af-ba30f24466f9" testId="4acb9931-47c3-4a22-bac7-c4d4309e5cf3" testName="TestCancel" computerName="STORGAARD-PC" duration="00:00:00.0362349" startTime="2012-10-09T13:12:02.1062951+02:00" endTime="2012-10-09T13:12:02.1472975+02:00" testType="13cdc9d9-ddb5-4fa4-a97d-d965ccfc6d4b" outcome="Failed" testListId="8c84fa94-04c1-424b-9868-57a2d4851a1d" relativeResultsDirectory="721d1493-2473-47a4-80af-ba30f24466f9">
      <Output>
        <ErrorInfo>
          <Message>Test method BenchmarkTest.BenchmarkSystemTest.TestCancel threw exception: 
System.ArgumentException: The specified named connection is either not found in the configuration, not intended to be used with the EntityClient provider, or not valid.</Message>
          <StackTrace>    at System.Data.EntityClient.EntityConnection.ChangeConnectionString(String newConnectionString)
   at System.Data.EntityClient.EntityConnection..ctor(String connectionString)
   at System.Data.Objects.ObjectContext.CreateEntityConnection(String connectionString)
   at System.Data.Objects.ObjectContext..ctor(String connectionString, String defaultContainerName)
   at Benchmark.Model1Container..ctor() in C:\Users\Storgaard\documents\visual studio 2010\Projects\Benchmark\Benchmark\Model1.Designer.cs:line 34
   at Benchmark.DatabaseModule.LogAction(Job job, String action) in C:\Users\Storgaard\documents\visual studio 2010\Projects\Benchmark\Benchmark\DatabaseModule.cs:line 10
   at Benchmark.BenchmarkSystem.Submit(Job job) in C:\Users\Storgaard\documents\visual studio 2010\Projects\Benchmark\Benchmark\BenchmarkSystem.cs:line 18
   at BenchmarkTest.BenchmarkSystemTest.TestCancel() in C:\Users\Storgaard\documents\visual studio 2010\Projects\Benchmark\BenchmarkTest\BenchmarkSystemTest.cs:line 79
</StackTrace>
        </ErrorInfo>
      </Output>
    </UnitTestResult>
    <UnitTestResult executionId="66de7c35-b1d7-4009-bd69-4d75c20bbfe5" testId="51c569f2-c5c7-a7db-6ab7-4c5a13cf904a" testName="TestSubmit" computerName="STORGAARD-PC" duration="00:00:00.0054029" startTime="2012-10-09T13:12:02.1502976+02:00" endTime="2012-10-09T13:12:02.1602982+02:00" testType="13cdc9d9-ddb5-4fa4-a97d-d965ccfc6d4b" outcome="Failed" testListId="8c84fa94-04c1-424b-9868-57a2d4851a1d" relativeResultsDirectory="66de7c35-b1d7-4009-bd69-4d75c20bbfe5">
      <Output>
        <ErrorInfo>
          <Message>Test method BenchmarkTest.BenchmarkSystemTest.TestSubmit threw exception: 
System.ArgumentException: The specified named connection is either not found in the configuration, not intended to be used with the EntityClient provider, or not valid.</Message>
          <StackTrace>    at System.Data.EntityClient.EntityConnection.ChangeConnectionString(String newConnectionString)
   at System.Data.EntityClient.EntityConnection..ctor(String connectionString)
   at System.Data.Objects.ObjectContext.CreateEntityConnection(String connectionString)
   at System.Data.Objects.ObjectContext..ctor(String connectionString, String defaultContainerName)
   at Benchmark.Model1Container..ctor() in C:\Users\Storgaard\documents\visual studio 2010\Projects\Benchmark\Benchmark\Model1.Designer.cs:line 34
   at Benchmark.DatabaseModule.LogAction(Job job, String action) in C:\Users\Storgaard\documents\visual studio 2010\Projects\Benchmark\Benchmark\DatabaseModule.cs:line 10
   at Benchmark.BenchmarkSystem.Submit(Job job) in C:\Users\Storgaard\documents\visual studio 2010\Projects\Benchmark\Benchmark\BenchmarkSystem.cs:line 18
   at BenchmarkTest.BenchmarkSystemTest.TestSubmit() in C:\Users\Storgaard\documents\visual studio 2010\Projects\Benchmark\BenchmarkTest\BenchmarkSystemTest.cs:line 60
</StackTrace>
        </ErrorInfo>
      </Output>
    </UnitTestResult>
    <UnitTestResult executionId="20b3f8c4-69aa-4a74-a16f-12ce3716e4f1" testId="75ac6a0d-f1a6-2b4f-2070-9f01ded38f1b" testName="TestRemoveJob" computerName="STORGAARD-PC" duration="00:00:00.0040953" startTime="2012-10-09T13:12:02.1612983+02:00" endTime="2012-10-09T13:12:02.1702988+02:00" testType="13cdc9d9-ddb5-4fa4-a97d-d965ccfc6d4b" outcome="Passed" testListId="8c84fa94-04c1-424b-9868-57a2d4851a1d" relativeResultsDirectory="20b3f8c4-69aa-4a74-a16f-12ce3716e4f1">
    </UnitTestResult>
    <UnitTestResult executionId="2b21701d-c1ea-4f91-af98-c3a1be861b6d" testId="7cb48fb4-619f-7f82-6085-e5841b4b528c" testName="TestExecuteAll" computerName="STORGAARD-PC" duration="00:00:00.0054409" startTime="2012-10-09T13:12:02.1712988+02:00" endTime="2012-10-09T13:12:02.1802994+02:00" testType="13cdc9d9-ddb5-4fa4-a97d-d965ccfc6d4b" outcome="Failed" testListId="8c84fa94-04c1-424b-9868-57a2d4851a1d" relativeResultsDirectory="2b21701d-c1ea-4f91-af98-c3a1be861b6d">
      <Output>
        <ErrorInfo>
          <Message>Test method BenchmarkTest.BenchmarkSystemTest.TestExecuteAll threw exception: 
System.ArgumentException: The specified named connection is either not found in the configuration, not intended to be used with the EntityClient provider, or not valid.</Message>
          <StackTrace>    at System.Data.EntityClient.EntityConnection.ChangeConnectionString(String newConnectionString)
   at System.Data.EntityClient.EntityConnection..ctor(String connectionString)
   at System.Data.Objects.ObjectContext.CreateEntityConnection(String connectionString)
   at System.Data.Objects.ObjectContext..ctor(String connectionString, String defaultContainerName)
   at Benchmark.Model1Container..ctor() in C:\Users\Storgaard\documents\visual studio 2010\Projects\Benchmark\Benchmark\Model1.Designer.cs:line 34
   at Benchmark.DatabaseModule.LogAction(Job job, String action) in C:\Users\Storgaard\documents\visual studio 2010\Projects\Benchmark\Benchmark\DatabaseModule.cs:line 10
   at Benchmark.BenchmarkSystem.Submit(Job job) in C:\Users\Storgaard\documents\visual studio 2010\Projects\Benchmark\Benchmark\BenchmarkSystem.cs:line 18
   at BenchmarkTest.BenchmarkSystemTest.TestExecuteAll() in C:\Users\Storgaard\documents\visual studio 2010\Projects\Benchmark\BenchmarkTest\BenchmarkSystemTest.cs:line 99
</StackTrace>
        </ErrorInfo>
      </Output>
    </UnitTestResult>
    <UnitTestResult executionId="5fb617db-3b23-48f6-8e47-b1e930f97349" testId="9e394168-dfe8-459a-d3ea-9789da9a2096" testName="TestPopJob" computerName="STORGAARD-PC" duration="00:00:00.0142880" startTime="2012-10-09T13:12:02.1812994+02:00" endTime="2012-10-09T13:12:02.2003005+02:00" testType="13cdc9d9-ddb5-4fa4-a97d-d965ccfc6d4b" outcome="Failed" testListId="8c84fa94-04c1-424b-9868-57a2d4851a1d" relativeResultsDirectory="5fb617db-3b23-48f6-8e47-b1e930f97349">
      <Output>
        <ErrorInfo>
          <Message>Assert.AreEqual failed. Expected:&lt;4,40,Michael&gt;. Actual:&lt;job1&gt;. Popped Job did not match</Message>
          <StackTrace>   at BenchmarkTest.SchedulerTest.TestPopJob() in C:\Users\Storgaard\documents\visual studio 2010\Projects\Benchmark\BenchmarkTest\SchedulerTest.cs:line 91
</StackTrace>
        </ErrorInfo>
      </Output>
    </UnitTestResult>
    <UnitTestResult executionId="c4a86073-5ba2-4d2e-9a43-5bb7ba2ead39" testId="bf551a33-7359-47a9-ebf2-c3a151930df8" testName="TestJob" computerName="STORGAARD-PC" duration="00:00:00.0044422" startTime="2012-10-09T13:12:02.2013006+02:00" endTime="2012-10-09T13:12:02.2093010+02:00" testType="13cdc9d9-ddb5-4fa4-a97d-d965ccfc6d4b" outcome="Failed" testListId="8c84fa94-04c1-424b-9868-57a2d4851a1d" relativeResultsDirectory="c4a86073-5ba2-4d2e-9a43-5bb7ba2ead39">
      <Output>
        <ErrorInfo>
          <Message>Assert.AreEqual failed. Expected:&lt;4,40,Michael&gt;. Actual:&lt;job1&gt;. Job did not match</Message>
          <StackTrace>   at BenchmarkTest.JobTest.TestJob() in C:\Users\Storgaard\documents\visual studio 2010\Projects\Benchmark\BenchmarkTest\JobTest.cs:line 38
</StackTrace>
        </ErrorInfo>
      </Output>
    </UnitTestResult>
    <UnitTestResult executionId="85758d75-337e-4480-9ddd-ca85d947d497" testId="d2ff0831-dd7b-3ea1-ba81-650fd9435b59" testName="TestAddJob" computerName="STORGAARD-PC" duration="00:00:00.0024533" startTime="2012-10-09T13:12:02.2103011+02:00" endTime="2012-10-09T13:12:02.2173015+02:00" testType="13cdc9d9-ddb5-4fa4-a97d-d965ccfc6d4b" outcome="Passed" testListId="8c84fa94-04c1-424b-9868-57a2d4851a1d" relativeResultsDirectory="85758d75-337e-4480-9ddd-ca85d947d497">
    </UnitTestResult>
  </Results>
</TestRun>