<?xml version="1.0" encoding="UTF-8"?>
<TestRun id="5ba1743b-bb00-4b68-92cf-37b19a1993a5" name="Storgaard@STORGAARD-PC 2012-10-09 13:21:49" runUser="Storgaard-Pc\Storgaard" xmlns="http://microsoft.com/schemas/VisualStudio/TeamTest/2010">
  <TestSettings name="Local" id="a6158032-52c6-474d-b2e6-9b7cfd97360f">
    <Description>These are default test settings for a local test run.</Description>
    <Deployment enabled="false" runDeploymentRoot="Storgaard_STORGAARD-PC 2012-10-09 13_21_49">
      <DeploymentItem filename="C:\Users\Storgaard\documents\visual studio 2010\Projects\Benchmark\Benchmark\bin\Debug\Benchmark.exe" />
    </Deployment>
    <Execution>
      <TestTypeSpecific />
      <AgentRule name="Execution Agents">
      </AgentRule>
    </Execution>
  </TestSettings>
  <Times creation="2012-10-09T13:21:49.9969205+02:00" queuing="2012-10-09T13:21:50.0169217+02:00" start="2012-10-09T13:21:50.0529237+02:00" finish="2012-10-09T13:21:50.7539638+02:00" />
  <ResultSummary outcome="Completed">
    <Counters total="10" executed="10" passed="10" error="0" failed="0" timeout="0" aborted="0" inconclusive="0" passedButRunAborted="0" notRunnable="0" notExecuted="0" disconnected="0" warning="0" completed="0" inProgress="0" pending="0" />
  </ResultSummary>
  <TestDefinitions>
    <UnitTest name="TestRemoveJob" storage="c:\users\storgaard\documents\visual studio 2010\projects\benchmark\benchmarktest\bin\debug\benchmarktest.dll" id="75ac6a0d-f1a6-2b4f-2070-9f01ded38f1b">
      <Execution id="3b037239-5db2-4ee9-9346-859df566aeed" />
      <TestMethod codeBase="C:/Users/Storgaard/documents/visual studio 2010/Projects/Benchmark/BenchmarkTest/bin/Debug/BenchmarkTest.DLL" adapterTypeName="Microsoft.VisualStudio.TestTools.TestTypes.Unit.UnitTestAdapter, Microsoft.VisualStudio.QualityTools.Tips.UnitTest.Adapter, Version=10.0.0.0, Culture=neutral, PublicKeyToken=b03f5f7f11d50a3a" className="BenchmarkTest.SchedulerTest, BenchmarkTest, Version=1.0.0.0, Culture=neutral, PublicKeyToken=null" name="TestRemoveJob" />
    </UnitTest>
    <UnitTest name="TestSelectAllUsers" storage="c:\users\storgaard\documents\visual studio 2010\projects\benchmark\benchmarktest\bin\debug\benchmarktest.dll" id="4441aa8b-bd9d-aa93-206c-f3100de87cea">
      <Execution id="7a03e71a-3466-4b5a-87fd-719bbb6faacc" />
      <TestMethod codeBase="C:/Users/Storgaard/documents/visual studio 2010/Projects/Benchmark/BenchmarkTest/bin/Debug/BenchmarkTest.DLL" adapterTypeName="Microsoft.VisualStudio.TestTools.TestTypes.Unit.UnitTestAdapter, Microsoft.VisualStudio.QualityTools.Tips.UnitTest.Adapter, Version=10.0.0.0, Culture=neutral, PublicKeyToken=b03f5f7f11d50a3a" className="BenchmarkTest.DatabaseModuleTest, BenchmarkTest, Version=1.0.0.0, Culture=neutral, PublicKeyToken=null" name="TestSelectAllUsers" />
    </UnitTest>
    <UnitTest name="TestSelectAllJobs" storage="c:\users\storgaard\documents\visual studio 2010\projects\benchmark\benchmarktest\bin\debug\benchmarktest.dll" id="13a1f6c7-7e3d-0381-50d7-d6ba0d35dcd2">
      <Execution id="6b917fb5-94bb-4b9d-8540-bf0a44245b04" />
      <TestMethod codeBase="C:/Users/Storgaard/documents/visual studio 2010/Projects/Benchmark/BenchmarkTest/bin/Debug/BenchmarkTest.DLL" adapterTypeName="Microsoft.VisualStudio.TestTools.TestTypes.Unit.UnitTestAdapter, Microsoft.VisualStudio.QualityTools.Tips.UnitTest.Adapter, Version=10.0.0.0, Culture=neutral, PublicKeyToken=b03f5f7f11d50a3a" className="BenchmarkTest.DatabaseModuleTest, BenchmarkTest, Version=1.0.0.0, Culture=neutral, PublicKeyToken=null" name="TestSelectAllJobs" />
    </UnitTest>
    <UnitTest name="TestExecuteAll" storage="c:\users\storgaard\documents\visual studio 2010\projects\benchmark\benchmarktest\bin\debug\benchmarktest.dll" id="7cb48fb4-619f-7f82-6085-e5841b4b528c">
      <Execution id="754b512e-37a6-49b7-9d51-e8e164833bae" />
      <TestMethod codeBase="C:/Users/Storgaard/documents/visual studio 2010/Projects/Benchmark/BenchmarkTest/bin/Debug/BenchmarkTest.DLL" adapterTypeName="Microsoft.VisualStudio.TestTools.TestTypes.Unit.UnitTestAdapter, Microsoft.VisualStudio.QualityTools.Tips.UnitTest.Adapter, Version=10.0.0.0, Culture=neutral, PublicKeyToken=b03f5f7f11d50a3a" className="BenchmarkTest.BenchmarkSystemTest, BenchmarkTest, Version=1.0.0.0, Culture=neutral, PublicKeyToken=null" name="TestExecuteAll" />
    </UnitTest>
    <UnitTest name="TestJob" storage="c:\users\storgaard\documents\visual studio 2010\projects\benchmark\benchmarktest\bin\debug\benchmarktest.dll" id="bf551a33-7359-47a9-ebf2-c3a151930df8">
      <Execution id="b91581f5-053a-49e8-a530-9252cc9e34eb" />
      <TestMethod codeBase="C:/Users/Storgaard/documents/visual studio 2010/Projects/Benchmark/BenchmarkTest/bin/Debug/BenchmarkTest.DLL" adapterTypeName="Microsoft.VisualStudio.TestTools.TestTypes.Unit.UnitTestAdapter, Microsoft.VisualStudio.QualityTools.Tips.UnitTest.Adapter, Version=10.0.0.0, Culture=neutral, PublicKeyToken=b03f5f7f11d50a3a" className="BenchmarkTest.JobTest, BenchmarkTest, Version=1.0.0.0, Culture=neutral, PublicKeyToken=null" name="TestJob" />
    </UnitTest>
    <UnitTest name="TestPopJob" storage="c:\users\storgaard\documents\visual studio 2010\projects\benchmark\benchmarktest\bin\debug\benchmarktest.dll" id="9e394168-dfe8-459a-d3ea-9789da9a2096">
      <Execution id="641b5dc5-5cda-42ca-bc90-a513bbb104c8" />
      <TestMethod codeBase="C:/Users/Storgaard/documents/visual studio 2010/Projects/Benchmark/BenchmarkTest/bin/Debug/BenchmarkTest.DLL" adapterTypeName="Microsoft.VisualStudio.TestTools.TestTypes.Unit.UnitTestAdapter, Microsoft.VisualStudio.QualityTools.Tips.UnitTest.Adapter, Version=10.0.0.0, Culture=neutral, PublicKeyToken=b03f5f7f11d50a3a" className="BenchmarkTest.SchedulerTest, BenchmarkTest, Version=1.0.0.0, Culture=neutral, PublicKeyToken=null" name="TestPopJob" />
    </UnitTest>
    <UnitTest name="TestCancel" storage="c:\users\storgaard\documents\visual studio 2010\projects\benchmark\benchmarktest\bin\debug\benchmarktest.dll" id="4acb9931-47c3-4a22-bac7-c4d4309e5cf3">
      <Execution id="9188a80f-6884-4a47-935c-565f8a864c85" />
      <TestMethod codeBase="C:/Users/Storgaard/documents/visual studio 2010/Projects/Benchmark/BenchmarkTest/bin/Debug/BenchmarkTest.DLL" adapterTypeName="Microsoft.VisualStudio.TestTools.TestTypes.Unit.UnitTestAdapter, Microsoft.VisualStudio.QualityTools.Tips.UnitTest.Adapter, Version=10.0.0.0, Culture=neutral, PublicKeyToken=b03f5f7f11d50a3a" className="BenchmarkTest.BenchmarkSystemTest, BenchmarkTest, Version=1.0.0.0, Culture=neutral, PublicKeyToken=null" name="TestCancel" />
    </UnitTest>
    <UnitTest name="TestRemove" storage="c:\users\storgaard\documents\visual studio 2010\projects\benchmark\benchmarktest\bin\debug\benchmarktest.dll" id="34a00844-71d7-cc5b-a7b9-72b02a03b3e0">
      <Execution id="f1ab798a-2e8d-4f24-a939-2ca84bd2633c" />
      <TestMethod codeBase="C:/Users/Storgaard/documents/visual studio 2010/Projects/Benchmark/BenchmarkTest/bin/Debug/BenchmarkTest.DLL" adapterTypeName="Microsoft.VisualStudio.TestTools.TestTypes.Unit.UnitTestAdapter, Microsoft.VisualStudio.QualityTools.Tips.UnitTest.Adapter, Version=10.0.0.0, Culture=neutral, PublicKeyToken=b03f5f7f11d50a3a" className="BenchmarkTest.QueueExtensionsTest, BenchmarkTest, Version=1.0.0.0, Culture=neutral, PublicKeyToken=null" name="TestRemove" />
    </UnitTest>
    <UnitTest name="TestSubmit" storage="c:\users\storgaard\documents\visual studio 2010\projects\benchmark\benchmarktest\bin\debug\benchmarktest.dll" id="51c569f2-c5c7-a7db-6ab7-4c5a13cf904a">
      <Execution id="f4db7196-7923-4d0d-bbbd-5fcb7c7f0979" />
      <TestMethod codeBase="C:/Users/Storgaard/documents/visual studio 2010/Projects/Benchmark/BenchmarkTest/bin/Debug/BenchmarkTest.DLL" adapterTypeName="Microsoft.VisualStudio.TestTools.TestTypes.Unit.UnitTestAdapter, Microsoft.VisualStudio.QualityTools.Tips.UnitTest.Adapter, Version=10.0.0.0, Culture=neutral, PublicKeyToken=b03f5f7f11d50a3a" className="BenchmarkTest.BenchmarkSystemTest, BenchmarkTest, Version=1.0.0.0, Culture=neutral, PublicKeyToken=null" name="TestSubmit" />
    </UnitTest>
    <UnitTest name="TestAddJob" storage="c:\users\storgaard\documents\visual studio 2010\projects\benchmark\benchmarktest\bin\debug\benchmarktest.dll" id="d2ff0831-dd7b-3ea1-ba81-650fd9435b59">
      <Execution id="8a511b1d-2d03-48c3-9489-d8f985110e1c" />
      <TestMethod codeBase="C:/Users/Storgaard/documents/visual studio 2010/Projects/Benchmark/BenchmarkTest/bin/Debug/BenchmarkTest.DLL" adapterTypeName="Microsoft.VisualStudio.TestTools.TestTypes.Unit.UnitTestAdapter, Microsoft.VisualStudio.QualityTools.Tips.UnitTest.Adapter, Version=10.0.0.0, Culture=neutral, PublicKeyToken=b03f5f7f11d50a3a" className="BenchmarkTest.SchedulerTest, BenchmarkTest, Version=1.0.0.0, Culture=neutral, PublicKeyToken=null" name="TestAddJob" />
    </UnitTest>
  </TestDefinitions>
  <TestLists>
    <TestList name="Results Not in a List" id="8c84fa94-04c1-424b-9868-57a2d4851a1d" />
    <TestList name="All Loaded Results" id="19431567-8539-422a-85d7-44ee4e166bda" />
  </TestLists>
  <TestEntries>
    <TestEntry testId="13a1f6c7-7e3d-0381-50d7-d6ba0d35dcd2" executionId="6b917fb5-94bb-4b9d-8540-bf0a44245b04" testListId="8c84fa94-04c1-424b-9868-57a2d4851a1d" />
    <TestEntry testId="34a00844-71d7-cc5b-a7b9-72b02a03b3e0" executionId="f1ab798a-2e8d-4f24-a939-2ca84bd2633c" testListId="8c84fa94-04c1-424b-9868-57a2d4851a1d" />
    <TestEntry testId="4441aa8b-bd9d-aa93-206c-f3100de87cea" executionId="7a03e71a-3466-4b5a-87fd-719bbb6faacc" testListId="8c84fa94-04c1-424b-9868-57a2d4851a1d" />
    <TestEntry testId="4acb9931-47c3-4a22-bac7-c4d4309e5cf3" executionId="9188a80f-6884-4a47-935c-565f8a864c85" testListId="8c84fa94-04c1-424b-9868-57a2d4851a1d" />
    <TestEntry testId="51c569f2-c5c7-a7db-6ab7-4c5a13cf904a" executionId="f4db7196-7923-4d0d-bbbd-5fcb7c7f0979" testListId="8c84fa94-04c1-424b-9868-57a2d4851a1d" />
    <TestEntry testId="75ac6a0d-f1a6-2b4f-2070-9f01ded38f1b" executionId="3b037239-5db2-4ee9-9346-859df566aeed" testListId="8c84fa94-04c1-424b-9868-57a2d4851a1d" />
    <TestEntry testId="7cb48fb4-619f-7f82-6085-e5841b4b528c" executionId="754b512e-37a6-49b7-9d51-e8e164833bae" testListId="8c84fa94-04c1-424b-9868-57a2d4851a1d" />
    <TestEntry testId="9e394168-dfe8-459a-d3ea-9789da9a2096" executionId="641b5dc5-5cda-42ca-bc90-a513bbb104c8" testListId="8c84fa94-04c1-424b-9868-57a2d4851a1d" />
    <TestEntry testId="bf551a33-7359-47a9-ebf2-c3a151930df8" executionId="b91581f5-053a-49e8-a530-9252cc9e34eb" testListId="8c84fa94-04c1-424b-9868-57a2d4851a1d" />
    <TestEntry testId="d2ff0831-dd7b-3ea1-ba81-650fd9435b59" executionId="8a511b1d-2d03-48c3-9489-d8f985110e1c" testListId="8c84fa94-04c1-424b-9868-57a2d4851a1d" />
  </TestEntries>
  <Results>
    <UnitTestResult executionId="6b917fb5-94bb-4b9d-8540-bf0a44245b04" testId="13a1f6c7-7e3d-0381-50d7-d6ba0d35dcd2" testName="TestSelectAllJobs" computerName="STORGAARD-PC" duration="00:00:00.1040980" startTime="2012-10-09T13:21:50.0579240+02:00" endTime="2012-10-09T13:21:50.3769423+02:00" testType="13cdc9d9-ddb5-4fa4-a97d-d965ccfc6d4b" outcome="Passed" testListId="8c84fa94-04c1-424b-9868-57a2d4851a1d" relativeResultsDirectory="6b917fb5-94bb-4b9d-8540-bf0a44245b04">
    </UnitTestResult>
    <UnitTestResult executionId="f1ab798a-2e8d-4f24-a939-2ca84bd2633c" testId="34a00844-71d7-cc5b-a7b9-72b02a03b3e0" testName="TestRemove" computerName="STORGAARD-PC" duration="00:00:00.0016973" startTime="2012-10-09T13:21:50.3779423+02:00" endTime="2012-10-09T13:21:50.3849427+02:00" testType="13cdc9d9-ddb5-4fa4-a97d-d965ccfc6d4b" outcome="Passed" testListId="8c84fa94-04c1-424b-9868-57a2d4851a1d" relativeResultsDirectory="f1ab798a-2e8d-4f24-a939-2ca84bd2633c">
    </UnitTestResult>
    <UnitTestResult executionId="7a03e71a-3466-4b5a-87fd-719bbb6faacc" testId="4441aa8b-bd9d-aa93-206c-f3100de87cea" testName="TestSelectAllUsers" computerName="STORGAARD-PC" duration="00:00:00.0038471" startTime="2012-10-09T13:21:50.3869428+02:00" endTime="2012-10-09T13:21:50.3959434+02:00" testType="13cdc9d9-ddb5-4fa4-a97d-d965ccfc6d4b" outcome="Passed" testListId="8c84fa94-04c1-424b-9868-57a2d4851a1d" relativeResultsDirectory="7a03e71a-3466-4b5a-87fd-719bbb6faacc">
    </UnitTestResult>
    <UnitTestResult executionId="9188a80f-6884-4a47-935c-565f8a864c85" testId="4acb9931-47c3-4a22-bac7-c4d4309e5cf3" testName="TestCancel" computerName="STORGAARD-PC" duration="00:00:00.0193868" startTime="2012-10-09T13:21:50.3959434+02:00" endTime="2012-10-09T13:21:50.4199447+02:00" testType="13cdc9d9-ddb5-4fa4-a97d-d965ccfc6d4b" outcome="Passed" testListId="8c84fa94-04c1-424b-9868-57a2d4851a1d" relativeResultsDirectory="9188a80f-6884-4a47-935c-565f8a864c85">
    </UnitTestResult>
    <UnitTestResult executionId="f4db7196-7923-4d0d-bbbd-5fcb7c7f0979" testId="51c569f2-c5c7-a7db-6ab7-4c5a13cf904a" testName="TestSubmit" computerName="STORGAARD-PC" duration="00:00:00.0089188" startTime="2012-10-09T13:21:50.4209448+02:00" endTime="2012-10-09T13:21:50.4339455+02:00" testType="13cdc9d9-ddb5-4fa4-a97d-d965ccfc6d4b" outcome="Passed" testListId="8c84fa94-04c1-424b-9868-57a2d4851a1d" relativeResultsDirectory="f4db7196-7923-4d0d-bbbd-5fcb7c7f0979">
    </UnitTestResult>
    <UnitTestResult executionId="3b037239-5db2-4ee9-9346-859df566aeed" testId="75ac6a0d-f1a6-2b4f-2070-9f01ded38f1b" testName="TestRemoveJob" computerName="STORGAARD-PC" duration="00:00:00.0037941" startTime="2012-10-09T13:21:50.4349456+02:00" endTime="2012-10-09T13:21:50.4419460+02:00" testType="13cdc9d9-ddb5-4fa4-a97d-d965ccfc6d4b" outcome="Passed" testListId="8c84fa94-04c1-424b-9868-57a2d4851a1d" relativeResultsDirectory="3b037239-5db2-4ee9-9346-859df566aeed">
    </UnitTestResult>
    <UnitTestResult executionId="754b512e-37a6-49b7-9d51-e8e164833bae" testId="7cb48fb4-619f-7f82-6085-e5841b4b528c" testName="TestExecuteAll" computerName="STORGAARD-PC" duration="00:00:00.0186478" startTime="2012-10-09T13:21:50.4429460+02:00" endTime="2012-10-09T13:21:50.4649473+02:00" testType="13cdc9d9-ddb5-4fa4-a97d-d965ccfc6d4b" outcome="Passed" testListId="8c84fa94-04c1-424b-9868-57a2d4851a1d" relativeResultsDirectory="754b512e-37a6-49b7-9d51-e8e164833bae">
      <Output>
        <StdOut>Job1 is running
Job2 is running
Job3 is running
Job4 is running</StdOut>
      </Output>
    </UnitTestResult>
    <UnitTestResult executionId="641b5dc5-5cda-42ca-bc90-a513bbb104c8" testId="9e394168-dfe8-459a-d3ea-9789da9a2096" testName="TestPopJob" computerName="STORGAARD-PC" duration="00:00:00.0032315" startTime="2012-10-09T13:21:50.4669474+02:00" endTime="2012-10-09T13:21:50.4749479+02:00" testType="13cdc9d9-ddb5-4fa4-a97d-d965ccfc6d4b" outcome="Passed" testListId="8c84fa94-04c1-424b-9868-57a2d4851a1d" relativeResultsDirectory="641b5dc5-5cda-42ca-bc90-a513bbb104c8">
    </UnitTestResult>
    <UnitTestResult executionId="b91581f5-053a-49e8-a530-9252cc9e34eb" testId="bf551a33-7359-47a9-ebf2-c3a151930df8" testName="TestJob" computerName="STORGAARD-PC" duration="00:00:00.0033646" startTime="2012-10-09T13:21:50.4759479+02:00" endTime="2012-10-09T13:21:50.4839484+02:00" testType="13cdc9d9-ddb5-4fa4-a97d-d965ccfc6d4b" outcome="Passed" testListId="8c84fa94-04c1-424b-9868-57a2d4851a1d" relativeResultsDirectory="b91581f5-053a-49e8-a530-9252cc9e34eb">
    </UnitTestResult>
    <UnitTestResult executionId="8a511b1d-2d03-48c3-9489-d8f985110e1c" testId="d2ff0831-dd7b-3ea1-ba81-650fd9435b59" testName="TestAddJob" computerName="STORGAARD-PC" duration="00:00:00.0031405" startTime="2012-10-09T13:21:50.4849485+02:00" endTime="2012-10-09T13:21:50.4929489+02:00" testType="13cdc9d9-ddb5-4fa4-a97d-d965ccfc6d4b" outcome="Passed" testListId="8c84fa94-04c1-424b-9868-57a2d4851a1d" relativeResultsDirectory="8a511b1d-2d03-48c3-9489-d8f985110e1c">
    </UnitTestResult>
  </Results>
</TestRun>